{"C:\\Users\\samuel\\Projetos\\qube-modeler\\src\\core\\diff\\project-diff.ts": {"path":"C:\\Users\\samuel\\Projetos\\qube-modeler\\src\\core\\diff\\project-diff.ts","statementMap":{"0":{"start":{"line":5,"column":2},"end":{"line":5,"column":null}},"1":{"start":{"line":5,"column":51},"end":{"line":5,"column":null}},"2":{"start":{"line":6,"column":2},"end":{"line":6,"column":null}},"3":{"start":{"line":6,"column":49},"end":{"line":6,"column":null}},"4":{"start":{"line":7,"column":2},"end":{"line":7,"column":null}},"5":{"start":{"line":7,"column":43},"end":{"line":7,"column":null}},"6":{"start":{"line":8,"column":2},"end":{"line":8,"column":null}},"7":{"start":{"line":8,"column":43},"end":{"line":8,"column":null}},"8":{"start":{"line":10,"column":2},"end":{"line":10,"column":null}},"9":{"start":{"line":10,"column":67},"end":{"line":10,"column":null}},"10":{"start":{"line":11,"column":2},"end":{"line":13,"column":null}},"11":{"start":{"line":11,"column":15},"end":{"line":11,"column":18}},"12":{"start":{"line":12,"column":4},"end":{"line":12,"column":null}},"13":{"start":{"line":12,"column":61},"end":{"line":12,"column":null}},"14":{"start":{"line":15,"column":2},"end":{"line":15,"column":null}},"15":{"start":{"line":15,"column":67},"end":{"line":15,"column":null}},"16":{"start":{"line":16,"column":2},"end":{"line":18,"column":null}},"17":{"start":{"line":16,"column":15},"end":{"line":16,"column":18}},"18":{"start":{"line":17,"column":4},"end":{"line":17,"column":null}},"19":{"start":{"line":17,"column":61},"end":{"line":17,"column":null}},"20":{"start":{"line":20,"column":2},"end":{"line":20,"column":null}},"21":{"start":{"line":24,"column":2},"end":{"line":24,"column":null}},"22":{"start":{"line":24,"column":55},"end":{"line":24,"column":null}},"23":{"start":{"line":25,"column":2},"end":{"line":27,"column":null}},"24":{"start":{"line":25,"column":15},"end":{"line":25,"column":18}},"25":{"start":{"line":26,"column":4},"end":{"line":26,"column":null}},"26":{"start":{"line":26,"column":49},"end":{"line":26,"column":null}},"27":{"start":{"line":28,"column":2},"end":{"line":28,"column":null}},"28":{"start":{"line":32,"column":2},"end":{"line":32,"column":null}},"29":{"start":{"line":32,"column":57},"end":{"line":32,"column":null}},"30":{"start":{"line":33,"column":2},"end":{"line":35,"column":null}},"31":{"start":{"line":33,"column":15},"end":{"line":33,"column":18}},"32":{"start":{"line":34,"column":4},"end":{"line":34,"column":null}},"33":{"start":{"line":34,"column":51},"end":{"line":34,"column":null}},"34":{"start":{"line":36,"column":2},"end":{"line":36,"column":null}},"35":{"start":{"line":43,"column":45},"end":{"line":43,"column":null}},"36":{"start":{"line":44,"column":60},"end":{"line":44,"column":null}},"37":{"start":{"line":46,"column":22},"end":{"line":46,"column":null}},"38":{"start":{"line":46,"column":65},"end":{"line":46,"column":74}},"39":{"start":{"line":47,"column":22},"end":{"line":47,"column":null}},"40":{"start":{"line":47,"column":64},"end":{"line":47,"column":73}},"41":{"start":{"line":50,"column":2},"end":{"line":68,"column":null}},"42":{"start":{"line":51,"column":23},"end":{"line":51,"column":null}},"43":{"start":{"line":52,"column":4},"end":{"line":67,"column":null}},"44":{"start":{"line":53,"column":6},"end":{"line":58,"column":null}},"45":{"start":{"line":59,"column":11},"end":{"line":67,"column":null}},"46":{"start":{"line":60,"column":6},"end":{"line":66,"column":null}},"47":{"start":{"line":71,"column":2},"end":{"line":81,"column":null}},"48":{"start":{"line":72,"column":4},"end":{"line":80,"column":null}},"49":{"start":{"line":73,"column":6},"end":{"line":79,"column":null}},"50":{"start":{"line":84,"column":2},"end":{"line":580,"column":null}},"51":{"start":{"line":85,"column":23},"end":{"line":85,"column":null}},"52":{"start":{"line":89,"column":21},"end":{"line":89,"column":null}},"53":{"start":{"line":89,"column":64},"end":{"line":89,"column":77}},"54":{"start":{"line":90,"column":21},"end":{"line":90,"column":null}},"55":{"start":{"line":90,"column":63},"end":{"line":90,"column":76}},"56":{"start":{"line":93,"column":4},"end":{"line":134,"column":null}},"57":{"start":{"line":94,"column":22},"end":{"line":94,"column":null}},"58":{"start":{"line":95,"column":6},"end":{"line":114,"column":null}},"59":{"start":{"line":96,"column":8},"end":{"line":103,"column":null}},"60":{"start":{"line":104,"column":13},"end":{"line":114,"column":null}},"61":{"start":{"line":105,"column":8},"end":{"line":113,"column":null}},"62":{"start":{"line":116,"column":6},"end":{"line":133,"column":null}},"63":{"start":{"line":121,"column":8},"end":{"line":132,"column":null}},"64":{"start":{"line":137,"column":4},"end":{"line":150,"column":null}},"65":{"start":{"line":138,"column":6},"end":{"line":149,"column":null}},"66":{"start":{"line":139,"column":8},"end":{"line":148,"column":null}},"67":{"start":{"line":140,"column":10},"end":{"line":147,"column":null}},"68":{"start":{"line":152,"column":23},"end":{"line":152,"column":null}},"69":{"start":{"line":152,"column":61},"end":{"line":152,"column":70}},"70":{"start":{"line":153,"column":23},"end":{"line":153,"column":null}},"71":{"start":{"line":153,"column":60},"end":{"line":153,"column":69}},"72":{"start":{"line":156,"column":4},"end":{"line":563,"column":null}},"73":{"start":{"line":157,"column":24},"end":{"line":157,"column":null}},"74":{"start":{"line":159,"column":6},"end":{"line":562,"column":null}},"75":{"start":{"line":162,"column":8},"end":{"line":169,"column":null}},"76":{"start":{"line":174,"column":8},"end":{"line":184,"column":null}},"77":{"start":{"line":175,"column":10},"end":{"line":183,"column":null}},"78":{"start":{"line":186,"column":25},"end":{"line":186,"column":null}},"79":{"start":{"line":186,"column":62},"end":{"line":186,"column":71}},"80":{"start":{"line":187,"column":25},"end":{"line":187,"column":null}},"81":{"start":{"line":187,"column":62},"end":{"line":187,"column":71}},"82":{"start":{"line":190,"column":8},"end":{"line":301,"column":null}},"83":{"start":{"line":191,"column":26},"end":{"line":191,"column":null}},"84":{"start":{"line":192,"column":10},"end":{"line":300,"column":null}},"85":{"start":{"line":193,"column":12},"end":{"line":202,"column":null}},"86":{"start":{"line":205,"column":12},"end":{"line":217,"column":null}},"87":{"start":{"line":206,"column":14},"end":{"line":216,"column":null}},"88":{"start":{"line":220,"column":12},"end":{"line":233,"column":null}},"89":{"start":{"line":221,"column":14},"end":{"line":232,"column":null}},"90":{"start":{"line":236,"column":12},"end":{"line":263,"column":null}},"91":{"start":{"line":240,"column":45},"end":{"line":240,"column":null}},"92":{"start":{"line":241,"column":14},"end":{"line":248,"column":null}},"93":{"start":{"line":247,"column":16},"end":{"line":247,"column":null}},"94":{"start":{"line":249,"column":14},"end":{"line":262,"column":null}},"95":{"start":{"line":266,"column":12},"end":{"line":280,"column":null}},"96":{"start":{"line":267,"column":27},"end":{"line":267,"column":null}},"97":{"start":{"line":268,"column":14},"end":{"line":279,"column":null}},"98":{"start":{"line":283,"column":35},"end":{"line":283,"column":null}},"99":{"start":{"line":284,"column":12},"end":{"line":299,"column":null}},"100":{"start":{"line":285,"column":33},"end":{"line":285,"column":null}},"101":{"start":{"line":286,"column":33},"end":{"line":286,"column":null}},"102":{"start":{"line":287,"column":14},"end":{"line":298,"column":null}},"103":{"start":{"line":304,"column":8},"end":{"line":317,"column":null}},"104":{"start":{"line":305,"column":10},"end":{"line":316,"column":null}},"105":{"start":{"line":306,"column":12},"end":{"line":315,"column":null}},"106":{"start":{"line":320,"column":27},"end":{"line":320,"column":null}},"107":{"start":{"line":320,"column":59},"end":{"line":320,"column":71}},"108":{"start":{"line":321,"column":27},"end":{"line":321,"column":null}},"109":{"start":{"line":321,"column":59},"end":{"line":321,"column":71}},"110":{"start":{"line":323,"column":8},"end":{"line":375,"column":null}},"111":{"start":{"line":324,"column":10},"end":{"line":333,"column":null}},"112":{"start":{"line":331,"column":45},"end":{"line":331,"column":49}},"113":{"start":{"line":332,"column":47},"end":{"line":332,"column":53}},"114":{"start":{"line":334,"column":15},"end":{"line":375,"column":null}},"115":{"start":{"line":335,"column":10},"end":{"line":342,"column":null}},"116":{"start":{"line":343,"column":15},"end":{"line":375,"column":null}},"117":{"start":{"line":349,"column":10},"end":{"line":359,"column":null}},"118":{"start":{"line":358,"column":47},"end":{"line":358,"column":53}},"119":{"start":{"line":360,"column":15},"end":{"line":375,"column":null}},"120":{"start":{"line":365,"column":10},"end":{"line":374,"column":null}},"121":{"start":{"line":378,"column":24},"end":{"line":378,"column":null}},"122":{"start":{"line":378,"column":66},"end":{"line":378,"column":77}},"123":{"start":{"line":379,"column":24},"end":{"line":379,"column":null}},"124":{"start":{"line":379,"column":66},"end":{"line":379,"column":77}},"125":{"start":{"line":381,"column":8},"end":{"line":422,"column":null}},"126":{"start":{"line":382,"column":25},"end":{"line":382,"column":null}},"127":{"start":{"line":383,"column":10},"end":{"line":421,"column":null}},"128":{"start":{"line":384,"column":12},"end":{"line":393,"column":null}},"129":{"start":{"line":395,"column":42},"end":{"line":395,"column":null}},"130":{"start":{"line":396,"column":12},"end":{"line":420,"column":null}},"131":{"start":{"line":397,"column":14},"end":{"line":407,"column":null}},"132":{"start":{"line":408,"column":19},"end":{"line":420,"column":null}},"133":{"start":{"line":409,"column":14},"end":{"line":419,"column":null}},"134":{"start":{"line":424,"column":8},"end":{"line":437,"column":null}},"135":{"start":{"line":425,"column":10},"end":{"line":436,"column":null}},"136":{"start":{"line":426,"column":12},"end":{"line":435,"column":null}},"137":{"start":{"line":440,"column":24},"end":{"line":440,"column":null}},"138":{"start":{"line":440,"column":72},"end":{"line":440,"column":83}},"139":{"start":{"line":441,"column":24},"end":{"line":441,"column":null}},"140":{"start":{"line":441,"column":72},"end":{"line":441,"column":83}},"141":{"start":{"line":443,"column":8},"end":{"line":484,"column":null}},"142":{"start":{"line":444,"column":25},"end":{"line":444,"column":null}},"143":{"start":{"line":445,"column":10},"end":{"line":483,"column":null}},"144":{"start":{"line":446,"column":12},"end":{"line":455,"column":null}},"145":{"start":{"line":457,"column":42},"end":{"line":457,"column":null}},"146":{"start":{"line":458,"column":12},"end":{"line":482,"column":null}},"147":{"start":{"line":459,"column":14},"end":{"line":469,"column":null}},"148":{"start":{"line":470,"column":19},"end":{"line":482,"column":null}},"149":{"start":{"line":471,"column":14},"end":{"line":481,"column":null}},"150":{"start":{"line":486,"column":8},"end":{"line":499,"column":null}},"151":{"start":{"line":487,"column":10},"end":{"line":498,"column":null}},"152":{"start":{"line":488,"column":12},"end":{"line":497,"column":null}},"153":{"start":{"line":502,"column":25},"end":{"line":502,"column":null}},"154":{"start":{"line":502,"column":64},"end":{"line":502,"column":77}},"155":{"start":{"line":503,"column":25},"end":{"line":503,"column":null}},"156":{"start":{"line":503,"column":64},"end":{"line":503,"column":77}},"157":{"start":{"line":505,"column":8},"end":{"line":546,"column":null}},"158":{"start":{"line":506,"column":26},"end":{"line":506,"column":null}},"159":{"start":{"line":507,"column":10},"end":{"line":545,"column":null}},"160":{"start":{"line":508,"column":12},"end":{"line":517,"column":null}},"161":{"start":{"line":519,"column":42},"end":{"line":519,"column":null}},"162":{"start":{"line":520,"column":12},"end":{"line":544,"column":null}},"163":{"start":{"line":521,"column":14},"end":{"line":531,"column":null}},"164":{"start":{"line":532,"column":19},"end":{"line":544,"column":null}},"165":{"start":{"line":533,"column":14},"end":{"line":543,"column":null}},"166":{"start":{"line":548,"column":8},"end":{"line":561,"column":null}},"167":{"start":{"line":549,"column":10},"end":{"line":560,"column":null}},"168":{"start":{"line":550,"column":12},"end":{"line":559,"column":null}},"169":{"start":{"line":566,"column":4},"end":{"line":579,"column":null}},"170":{"start":{"line":567,"column":6},"end":{"line":578,"column":null}},"171":{"start":{"line":568,"column":8},"end":{"line":577,"column":null}},"172":{"start":{"line":569,"column":10},"end":{"line":576,"column":null}},"173":{"start":{"line":582,"column":2},"end":{"line":585,"column":null}}},"fnMap":{"0":{"name":"didForeignKeyChange","decl":{"start":{"line":4,"column":9},"end":{"line":4,"column":29}},"loc":{"start":{"line":4,"column":94},"end":{"line":21,"column":null}},"line":4},"1":{"name":"didUniqueConstraintChange","decl":{"start":{"line":23,"column":9},"end":{"line":23,"column":35}},"loc":{"start":{"line":23,"column":112},"end":{"line":29,"column":null}},"line":23},"2":{"name":"didIndexChange","decl":{"start":{"line":31,"column":9},"end":{"line":31,"column":24}},"loc":{"start":{"line":31,"column":81},"end":{"line":37,"column":null}},"line":31},"3":{"name":"diffProjects","decl":{"start":{"line":39,"column":16},"end":{"line":39,"column":null}},"loc":{"start":{"line":42,"column":15},"end":{"line":586,"column":null}},"line":42},"4":{"name":"(anonymous_4)","decl":{"start":{"line":46,"column":54},"end":{"line":46,"column":59}},"loc":{"start":{"line":46,"column":65},"end":{"line":46,"column":74}},"line":46},"5":{"name":"(anonymous_5)","decl":{"start":{"line":47,"column":53},"end":{"line":47,"column":58}},"loc":{"start":{"line":47,"column":64},"end":{"line":47,"column":73}},"line":47},"6":{"name":"(anonymous_6)","decl":{"start":{"line":89,"column":51},"end":{"line":89,"column":56}},"loc":{"start":{"line":89,"column":64},"end":{"line":89,"column":77}},"line":89},"7":{"name":"(anonymous_7)","decl":{"start":{"line":90,"column":50},"end":{"line":90,"column":55}},"loc":{"start":{"line":90,"column":63},"end":{"line":90,"column":76}},"line":90},"8":{"name":"(anonymous_8)","decl":{"start":{"line":152,"column":50},"end":{"line":152,"column":55}},"loc":{"start":{"line":152,"column":61},"end":{"line":152,"column":70}},"line":152},"9":{"name":"(anonymous_9)","decl":{"start":{"line":153,"column":49},"end":{"line":153,"column":54}},"loc":{"start":{"line":153,"column":60},"end":{"line":153,"column":69}},"line":153},"10":{"name":"(anonymous_10)","decl":{"start":{"line":186,"column":51},"end":{"line":186,"column":56}},"loc":{"start":{"line":186,"column":62},"end":{"line":186,"column":71}},"line":186},"11":{"name":"(anonymous_11)","decl":{"start":{"line":187,"column":51},"end":{"line":187,"column":56}},"loc":{"start":{"line":187,"column":62},"end":{"line":187,"column":71}},"line":187},"12":{"name":"(anonymous_12)","decl":{"start":{"line":320,"column":45},"end":{"line":320,"column":53}},"loc":{"start":{"line":320,"column":59},"end":{"line":320,"column":71}},"line":320},"13":{"name":"(anonymous_13)","decl":{"start":{"line":321,"column":45},"end":{"line":321,"column":53}},"loc":{"start":{"line":321,"column":59},"end":{"line":321,"column":71}},"line":321},"14":{"name":"(anonymous_14)","decl":{"start":{"line":331,"column":34},"end":{"line":331,"column":39}},"loc":{"start":{"line":331,"column":45},"end":{"line":331,"column":49}},"line":331},"15":{"name":"(anonymous_15)","decl":{"start":{"line":332,"column":36},"end":{"line":332,"column":41}},"loc":{"start":{"line":332,"column":47},"end":{"line":332,"column":53}},"line":332},"16":{"name":"(anonymous_16)","decl":{"start":{"line":358,"column":36},"end":{"line":358,"column":41}},"loc":{"start":{"line":358,"column":47},"end":{"line":358,"column":53}},"line":358},"17":{"name":"(anonymous_17)","decl":{"start":{"line":378,"column":54},"end":{"line":378,"column":59}},"loc":{"start":{"line":378,"column":66},"end":{"line":378,"column":77}},"line":378},"18":{"name":"(anonymous_18)","decl":{"start":{"line":379,"column":54},"end":{"line":379,"column":59}},"loc":{"start":{"line":379,"column":66},"end":{"line":379,"column":77}},"line":379},"19":{"name":"(anonymous_19)","decl":{"start":{"line":440,"column":60},"end":{"line":440,"column":65}},"loc":{"start":{"line":440,"column":72},"end":{"line":440,"column":83}},"line":440},"20":{"name":"(anonymous_20)","decl":{"start":{"line":441,"column":60},"end":{"line":441,"column":65}},"loc":{"start":{"line":441,"column":72},"end":{"line":441,"column":83}},"line":441},"21":{"name":"(anonymous_21)","decl":{"start":{"line":502,"column":51},"end":{"line":502,"column":56}},"loc":{"start":{"line":502,"column":64},"end":{"line":502,"column":77}},"line":502},"22":{"name":"(anonymous_22)","decl":{"start":{"line":503,"column":51},"end":{"line":503,"column":56}},"loc":{"start":{"line":503,"column":64},"end":{"line":503,"column":77}},"line":503}},"branchMap":{"0":{"loc":{"start":{"line":5,"column":2},"end":{"line":5,"column":null}},"type":"if","locations":[{"start":{"line":5,"column":2},"end":{"line":5,"column":null}},{"start":{},"end":{}}],"line":5},"1":{"loc":{"start":{"line":6,"column":2},"end":{"line":6,"column":null}},"type":"if","locations":[{"start":{"line":6,"column":2},"end":{"line":6,"column":null}},{"start":{},"end":{}}],"line":6},"2":{"loc":{"start":{"line":7,"column":2},"end":{"line":7,"column":null}},"type":"if","locations":[{"start":{"line":7,"column":2},"end":{"line":7,"column":null}},{"start":{},"end":{}}],"line":7},"3":{"loc":{"start":{"line":8,"column":2},"end":{"line":8,"column":null}},"type":"if","locations":[{"start":{"line":8,"column":2},"end":{"line":8,"column":null}},{"start":{},"end":{}}],"line":8},"4":{"loc":{"start":{"line":10,"column":2},"end":{"line":10,"column":null}},"type":"if","locations":[{"start":{"line":10,"column":2},"end":{"line":10,"column":null}},{"start":{},"end":{}}],"line":10},"5":{"loc":{"start":{"line":12,"column":4},"end":{"line":12,"column":null}},"type":"if","locations":[{"start":{"line":12,"column":4},"end":{"line":12,"column":null}},{"start":{},"end":{}}],"line":12},"6":{"loc":{"start":{"line":15,"column":2},"end":{"line":15,"column":null}},"type":"if","locations":[{"start":{"line":15,"column":2},"end":{"line":15,"column":null}},{"start":{},"end":{}}],"line":15},"7":{"loc":{"start":{"line":17,"column":4},"end":{"line":17,"column":null}},"type":"if","locations":[{"start":{"line":17,"column":4},"end":{"line":17,"column":null}},{"start":{},"end":{}}],"line":17},"8":{"loc":{"start":{"line":24,"column":2},"end":{"line":24,"column":null}},"type":"if","locations":[{"start":{"line":24,"column":2},"end":{"line":24,"column":null}},{"start":{},"end":{}}],"line":24},"9":{"loc":{"start":{"line":26,"column":4},"end":{"line":26,"column":null}},"type":"if","locations":[{"start":{"line":26,"column":4},"end":{"line":26,"column":null}},{"start":{},"end":{}}],"line":26},"10":{"loc":{"start":{"line":32,"column":2},"end":{"line":32,"column":null}},"type":"if","locations":[{"start":{"line":32,"column":2},"end":{"line":32,"column":null}},{"start":{},"end":{}}],"line":32},"11":{"loc":{"start":{"line":34,"column":4},"end":{"line":34,"column":null}},"type":"if","locations":[{"start":{"line":34,"column":4},"end":{"line":34,"column":null}},{"start":{},"end":{}}],"line":34},"12":{"loc":{"start":{"line":52,"column":4},"end":{"line":67,"column":null}},"type":"if","locations":[{"start":{"line":52,"column":4},"end":{"line":67,"column":null}},{"start":{"line":59,"column":11},"end":{"line":67,"column":null}}],"line":52},"13":{"loc":{"start":{"line":59,"column":11},"end":{"line":67,"column":null}},"type":"if","locations":[{"start":{"line":59,"column":11},"end":{"line":67,"column":null}},{"start":{},"end":{}}],"line":59},"14":{"loc":{"start":{"line":72,"column":4},"end":{"line":80,"column":null}},"type":"if","locations":[{"start":{"line":72,"column":4},"end":{"line":80,"column":null}},{"start":{},"end":{}}],"line":72},"15":{"loc":{"start":{"line":89,"column":29},"end":{"line":89,"column":84}},"type":"binary-expr","locations":[{"start":{"line":89,"column":29},"end":{"line":89,"column":82}},{"start":{"line":89,"column":82},"end":{"line":89,"column":84}}],"line":89},"16":{"loc":{"start":{"line":95,"column":6},"end":{"line":114,"column":null}},"type":"if","locations":[{"start":{"line":95,"column":6},"end":{"line":114,"column":null}},{"start":{"line":104,"column":13},"end":{"line":114,"column":null}}],"line":95},"17":{"loc":{"start":{"line":104,"column":13},"end":{"line":114,"column":null}},"type":"if","locations":[{"start":{"line":104,"column":13},"end":{"line":114,"column":null}},{"start":{},"end":{}}],"line":104},"18":{"loc":{"start":{"line":116,"column":6},"end":{"line":133,"column":null}},"type":"if","locations":[{"start":{"line":116,"column":6},"end":{"line":133,"column":null}},{"start":{},"end":{}}],"line":116},"19":{"loc":{"start":{"line":117,"column":8},"end":{"line":119,"column":null}},"type":"binary-expr","locations":[{"start":{"line":117,"column":8},"end":{"line":117,"column":null}},{"start":{"line":118,"column":9},"end":{"line":118,"column":null}},{"start":{"line":119,"column":10},"end":{"line":119,"column":null}}],"line":117},"20":{"loc":{"start":{"line":137,"column":4},"end":{"line":150,"column":null}},"type":"if","locations":[{"start":{"line":137,"column":4},"end":{"line":150,"column":null}},{"start":{},"end":{}}],"line":137},"21":{"loc":{"start":{"line":139,"column":8},"end":{"line":148,"column":null}},"type":"if","locations":[{"start":{"line":139,"column":8},"end":{"line":148,"column":null}},{"start":{},"end":{}}],"line":139},"22":{"loc":{"start":{"line":152,"column":31},"end":{"line":152,"column":77}},"type":"binary-expr","locations":[{"start":{"line":152,"column":31},"end":{"line":152,"column":75}},{"start":{"line":152,"column":75},"end":{"line":152,"column":77}}],"line":152},"23":{"loc":{"start":{"line":159,"column":6},"end":{"line":562,"column":null}},"type":"if","locations":[{"start":{"line":159,"column":6},"end":{"line":562,"column":null}},{"start":{"line":170,"column":13},"end":{"line":562,"column":null}}],"line":159},"24":{"loc":{"start":{"line":174,"column":8},"end":{"line":184,"column":null}},"type":"if","locations":[{"start":{"line":174,"column":8},"end":{"line":184,"column":null}},{"start":{},"end":{}}],"line":174},"25":{"loc":{"start":{"line":192,"column":10},"end":{"line":300,"column":null}},"type":"if","locations":[{"start":{"line":192,"column":10},"end":{"line":300,"column":null}},{"start":{"line":203,"column":17},"end":{"line":300,"column":null}}],"line":192},"26":{"loc":{"start":{"line":205,"column":12},"end":{"line":217,"column":null}},"type":"if","locations":[{"start":{"line":205,"column":12},"end":{"line":217,"column":null}},{"start":{},"end":{}}],"line":205},"27":{"loc":{"start":{"line":220,"column":12},"end":{"line":233,"column":null}},"type":"if","locations":[{"start":{"line":220,"column":12},"end":{"line":233,"column":null}},{"start":{},"end":{}}],"line":220},"28":{"loc":{"start":{"line":236,"column":12},"end":{"line":263,"column":null}},"type":"if","locations":[{"start":{"line":236,"column":12},"end":{"line":263,"column":null}},{"start":{},"end":{}}],"line":236},"29":{"loc":{"start":{"line":237,"column":14},"end":{"line":238,"column":null}},"type":"binary-expr","locations":[{"start":{"line":237,"column":14},"end":{"line":237,"column":null}},{"start":{"line":238,"column":15},"end":{"line":238,"column":48}},{"start":{"line":238,"column":48},"end":{"line":238,"column":null}}],"line":237},"30":{"loc":{"start":{"line":241,"column":14},"end":{"line":248,"column":null}},"type":"if","locations":[{"start":{"line":241,"column":14},"end":{"line":248,"column":null}},{"start":{},"end":{}}],"line":241},"31":{"loc":{"start":{"line":242,"column":16},"end":{"line":245,"column":null}},"type":"binary-expr","locations":[{"start":{"line":242,"column":16},"end":{"line":242,"column":null}},{"start":{"line":243,"column":16},"end":{"line":243,"column":null}},{"start":{"line":244,"column":16},"end":{"line":244,"column":null}},{"start":{"line":245,"column":16},"end":{"line":245,"column":null}}],"line":242},"32":{"loc":{"start":{"line":266,"column":12},"end":{"line":280,"column":null}},"type":"if","locations":[{"start":{"line":266,"column":12},"end":{"line":280,"column":null}},{"start":{},"end":{}}],"line":266},"33":{"loc":{"start":{"line":267,"column":27},"end":{"line":267,"column":null}},"type":"cond-expr","locations":[{"start":{"line":267,"column":67},"end":{"line":267,"column":76}},{"start":{"line":267,"column":76},"end":{"line":267,"column":null}}],"line":267},"34":{"loc":{"start":{"line":267,"column":27},"end":{"line":267,"column":67}},"type":"binary-expr","locations":[{"start":{"line":267,"column":27},"end":{"line":267,"column":48}},{"start":{"line":267,"column":48},"end":{"line":267,"column":67}}],"line":267},"35":{"loc":{"start":{"line":283,"column":35},"end":{"line":283,"column":null}},"type":"binary-expr","locations":[{"start":{"line":283,"column":35},"end":{"line":283,"column":84}},{"start":{"line":283,"column":84},"end":{"line":283,"column":null}}],"line":283},"36":{"loc":{"start":{"line":284,"column":12},"end":{"line":299,"column":null}},"type":"if","locations":[{"start":{"line":284,"column":12},"end":{"line":299,"column":null}},{"start":{},"end":{}}],"line":284},"37":{"loc":{"start":{"line":285,"column":33},"end":{"line":285,"column":null}},"type":"cond-expr","locations":[{"start":{"line":285,"column":56},"end":{"line":285,"column":95}},{"start":{"line":285,"column":95},"end":{"line":285,"column":null}}],"line":285},"38":{"loc":{"start":{"line":286,"column":33},"end":{"line":286,"column":null}},"type":"cond-expr","locations":[{"start":{"line":286,"column":56},"end":{"line":286,"column":95}},{"start":{"line":286,"column":95},"end":{"line":286,"column":null}}],"line":286},"39":{"loc":{"start":{"line":305,"column":10},"end":{"line":316,"column":null}},"type":"if","locations":[{"start":{"line":305,"column":10},"end":{"line":316,"column":null}},{"start":{},"end":{}}],"line":305},"40":{"loc":{"start":{"line":323,"column":8},"end":{"line":375,"column":null}},"type":"if","locations":[{"start":{"line":323,"column":8},"end":{"line":375,"column":null}},{"start":{"line":334,"column":15},"end":{"line":375,"column":null}}],"line":323},"41":{"loc":{"start":{"line":323,"column":12},"end":{"line":323,"column":62}},"type":"binary-expr","locations":[{"start":{"line":323,"column":12},"end":{"line":323,"column":39}},{"start":{"line":323,"column":39},"end":{"line":323,"column":62}}],"line":323},"42":{"loc":{"start":{"line":334,"column":15},"end":{"line":375,"column":null}},"type":"if","locations":[{"start":{"line":334,"column":15},"end":{"line":375,"column":null}},{"start":{"line":343,"column":15},"end":{"line":375,"column":null}}],"line":334},"43":{"loc":{"start":{"line":334,"column":19},"end":{"line":334,"column":69}},"type":"binary-expr","locations":[{"start":{"line":334,"column":19},"end":{"line":334,"column":44}},{"start":{"line":334,"column":44},"end":{"line":334,"column":69}}],"line":334},"44":{"loc":{"start":{"line":343,"column":15},"end":{"line":375,"column":null}},"type":"if","locations":[{"start":{"line":343,"column":15},"end":{"line":375,"column":null}},{"start":{"line":360,"column":15},"end":{"line":375,"column":null}}],"line":343},"45":{"loc":{"start":{"line":344,"column":10},"end":{"line":347,"column":null}},"type":"binary-expr","locations":[{"start":{"line":344,"column":10},"end":{"line":344,"column":null}},{"start":{"line":345,"column":10},"end":{"line":345,"column":null}},{"start":{"line":346,"column":11},"end":{"line":346,"column":null}},{"start":{"line":347,"column":12},"end":{"line":347,"column":null}}],"line":344},"46":{"loc":{"start":{"line":360,"column":15},"end":{"line":375,"column":null}},"type":"if","locations":[{"start":{"line":360,"column":15},"end":{"line":375,"column":null}},{"start":{},"end":{}}],"line":360},"47":{"loc":{"start":{"line":361,"column":10},"end":{"line":363,"column":null}},"type":"binary-expr","locations":[{"start":{"line":361,"column":10},"end":{"line":361,"column":null}},{"start":{"line":362,"column":10},"end":{"line":362,"column":null}},{"start":{"line":363,"column":10},"end":{"line":363,"column":null}}],"line":361},"48":{"loc":{"start":{"line":383,"column":10},"end":{"line":421,"column":null}},"type":"if","locations":[{"start":{"line":383,"column":10},"end":{"line":421,"column":null}},{"start":{"line":394,"column":17},"end":{"line":421,"column":null}}],"line":383},"49":{"loc":{"start":{"line":396,"column":12},"end":{"line":420,"column":null}},"type":"if","locations":[{"start":{"line":396,"column":12},"end":{"line":420,"column":null}},{"start":{"line":408,"column":19},"end":{"line":420,"column":null}}],"line":396},"50":{"loc":{"start":{"line":408,"column":19},"end":{"line":420,"column":null}},"type":"if","locations":[{"start":{"line":408,"column":19},"end":{"line":420,"column":null}},{"start":{},"end":{}}],"line":408},"51":{"loc":{"start":{"line":425,"column":10},"end":{"line":436,"column":null}},"type":"if","locations":[{"start":{"line":425,"column":10},"end":{"line":436,"column":null}},{"start":{},"end":{}}],"line":425},"52":{"loc":{"start":{"line":445,"column":10},"end":{"line":483,"column":null}},"type":"if","locations":[{"start":{"line":445,"column":10},"end":{"line":483,"column":null}},{"start":{"line":456,"column":17},"end":{"line":483,"column":null}}],"line":445},"53":{"loc":{"start":{"line":458,"column":12},"end":{"line":482,"column":null}},"type":"if","locations":[{"start":{"line":458,"column":12},"end":{"line":482,"column":null}},{"start":{"line":470,"column":19},"end":{"line":482,"column":null}}],"line":458},"54":{"loc":{"start":{"line":470,"column":19},"end":{"line":482,"column":null}},"type":"if","locations":[{"start":{"line":470,"column":19},"end":{"line":482,"column":null}},{"start":{},"end":{}}],"line":470},"55":{"loc":{"start":{"line":487,"column":10},"end":{"line":498,"column":null}},"type":"if","locations":[{"start":{"line":487,"column":10},"end":{"line":498,"column":null}},{"start":{},"end":{}}],"line":487},"56":{"loc":{"start":{"line":507,"column":10},"end":{"line":545,"column":null}},"type":"if","locations":[{"start":{"line":507,"column":10},"end":{"line":545,"column":null}},{"start":{"line":518,"column":17},"end":{"line":545,"column":null}}],"line":507},"57":{"loc":{"start":{"line":520,"column":12},"end":{"line":544,"column":null}},"type":"if","locations":[{"start":{"line":520,"column":12},"end":{"line":544,"column":null}},{"start":{"line":532,"column":19},"end":{"line":544,"column":null}}],"line":520},"58":{"loc":{"start":{"line":532,"column":19},"end":{"line":544,"column":null}},"type":"if","locations":[{"start":{"line":532,"column":19},"end":{"line":544,"column":null}},{"start":{},"end":{}}],"line":532},"59":{"loc":{"start":{"line":549,"column":10},"end":{"line":560,"column":null}},"type":"if","locations":[{"start":{"line":549,"column":10},"end":{"line":560,"column":null}},{"start":{},"end":{}}],"line":549},"60":{"loc":{"start":{"line":566,"column":4},"end":{"line":579,"column":null}},"type":"if","locations":[{"start":{"line":566,"column":4},"end":{"line":579,"column":null}},{"start":{},"end":{}}],"line":566},"61":{"loc":{"start":{"line":568,"column":8},"end":{"line":577,"column":null}},"type":"if","locations":[{"start":{"line":568,"column":8},"end":{"line":577,"column":null}},{"start":{},"end":{}}],"line":568}},"s":{"0":0,"1":0,"2":0,"3":0,"4":0,"5":0,"6":0,"7":0,"8":0,"9":0,"10":0,"11":0,"12":0,"13":0,"14":0,"15":0,"16":0,"17":0,"18":0,"19":0,"20":0,"21":0,"22":0,"23":0,"24":0,"25":0,"26":0,"27":0,"28":0,"29":0,"30":0,"31":0,"32":0,"33":0,"34":0,"35":12,"36":12,"37":12,"38":12,"39":12,"40":12,"41":12,"42":12,"43":12,"44":0,"45":12,"46":0,"47":12,"48":12,"49":0,"50":12,"51":12,"52":12,"53":1,"54":12,"55":1,"56":12,"57":1,"58":1,"59":0,"60":1,"61":0,"62":1,"63":1,"64":12,"65":12,"66":1,"67":0,"68":12,"69":10,"70":12,"71":11,"72":12,"73":11,"74":11,"75":1,"76":10,"77":1,"78":10,"79":9,"80":10,"81":9,"82":10,"83":9,"84":9,"85":1,"86":8,"87":1,"88":8,"89":1,"90":8,"91":2,"92":2,"93":1,"94":2,"95":8,"96":1,"97":1,"98":8,"99":8,"100":1,"101":1,"102":1,"103":10,"104":9,"105":1,"106":10,"107":9,"108":10,"109":9,"110":10,"111":0,"112":0,"113":0,"114":10,"115":0,"116":10,"117":1,"118":2,"119":9,"120":0,"121":10,"122":0,"123":10,"124":0,"125":10,"126":0,"127":0,"128":0,"129":0,"130":0,"131":0,"132":0,"133":0,"134":10,"135":0,"136":0,"137":10,"138":0,"139":10,"140":0,"141":10,"142":0,"143":0,"144":0,"145":0,"146":0,"147":0,"148":0,"149":0,"150":10,"151":0,"152":0,"153":10,"154":0,"155":10,"156":0,"157":10,"158":0,"159":0,"160":0,"161":0,"162":0,"163":0,"164":0,"165":0,"166":10,"167":0,"168":0,"169":12,"170":12,"171":10,"172":0,"173":12},"f":{"0":0,"1":0,"2":0,"3":12,"4":12,"5":12,"6":1,"7":1,"8":10,"9":11,"10":9,"11":9,"12":9,"13":9,"14":0,"15":0,"16":2,"17":0,"18":0,"19":0,"20":0,"21":0,"22":0},"b":{"0":[0,0],"1":[0,0],"2":[0,0],"3":[0,0],"4":[0,0],"5":[0,0],"6":[0,0],"7":[0,0],"8":[0,0],"9":[0,0],"10":[0,0],"11":[0,0],"12":[0,12],"13":[0,12],"14":[0,12],"15":[12,0],"16":[0,1],"17":[0,1],"18":[1,0],"19":[1,1,0],"20":[12,0],"21":[0,1],"22":[12,0],"23":[1,10],"24":[1,9],"25":[1,8],"26":[1,7],"27":[1,7],"28":[2,6],"29":[8,7,6],"30":[1,1],"31":[2,1,1,1],"32":[1,7],"33":[0,1],"34":[1,0],"35":[8,7],"36":[1,7],"37":[0,1],"38":[0,1],"39":[1,8],"40":[0,10],"41":[10,9],"42":[0,10],"43":[10,1],"44":[1,9],"45":[10,1,1,0],"46":[0,9],"47":[9,0,0],"48":[0,0],"49":[0,0],"50":[0,0],"51":[0,0],"52":[0,0],"53":[0,0],"54":[0,0],"55":[0,0],"56":[0,0],"57":[0,0],"58":[0,0],"59":[0,0],"60":[12,0],"61":[0,10]},"meta":{"lastBranch":62,"lastFunction":23,"lastStatement":174,"seen":{"f:4:9:4:29":0,"b:5:2:5:Infinity:undefined:undefined:undefined:undefined":0,"s:5:2:5:Infinity":0,"s:5:51:5:Infinity":1,"b:6:2:6:Infinity:undefined:undefined:undefined:undefined":1,"s:6:2:6:Infinity":2,"s:6:49:6:Infinity":3,"b:7:2:7:Infinity:undefined:undefined:undefined:undefined":2,"s:7:2:7:Infinity":4,"s:7:43:7:Infinity":5,"b:8:2:8:Infinity:undefined:undefined:undefined:undefined":3,"s:8:2:8:Infinity":6,"s:8:43:8:Infinity":7,"b:10:2:10:Infinity:undefined:undefined:undefined:undefined":4,"s:10:2:10:Infinity":8,"s:10:67:10:Infinity":9,"s:11:2:13:Infinity":10,"s:11:15:11:18":11,"b:12:4:12:Infinity:undefined:undefined:undefined:undefined":5,"s:12:4:12:Infinity":12,"s:12:61:12:Infinity":13,"b:15:2:15:Infinity:undefined:undefined:undefined:undefined":6,"s:15:2:15:Infinity":14,"s:15:67:15:Infinity":15,"s:16:2:18:Infinity":16,"s:16:15:16:18":17,"b:17:4:17:Infinity:undefined:undefined:undefined:undefined":7,"s:17:4:17:Infinity":18,"s:17:61:17:Infinity":19,"s:20:2:20:Infinity":20,"f:23:9:23:35":1,"b:24:2:24:Infinity:undefined:undefined:undefined:undefined":8,"s:24:2:24:Infinity":21,"s:24:55:24:Infinity":22,"s:25:2:27:Infinity":23,"s:25:15:25:18":24,"b:26:4:26:Infinity:undefined:undefined:undefined:undefined":9,"s:26:4:26:Infinity":25,"s:26:49:26:Infinity":26,"s:28:2:28:Infinity":27,"f:31:9:31:24":2,"b:32:2:32:Infinity:undefined:undefined:undefined:undefined":10,"s:32:2:32:Infinity":28,"s:32:57:32:Infinity":29,"s:33:2:35:Infinity":30,"s:33:15:33:18":31,"b:34:4:34:Infinity:undefined:undefined:undefined:undefined":11,"s:34:4:34:Infinity":32,"s:34:51:34:Infinity":33,"s:36:2:36:Infinity":34,"f:39:16:39:Infinity":3,"s:43:45:43:Infinity":35,"s:44:60:44:Infinity":36,"s:46:22:46:Infinity":37,"f:46:54:46:59":4,"s:46:65:46:74":38,"s:47:22:47:Infinity":39,"f:47:53:47:58":5,"s:47:64:47:73":40,"s:50:2:68:Infinity":41,"s:51:23:51:Infinity":42,"b:52:4:67:Infinity:59:11:67:Infinity":12,"s:52:4:67:Infinity":43,"s:53:6:58:Infinity":44,"b:59:11:67:Infinity:undefined:undefined:undefined:undefined":13,"s:59:11:67:Infinity":45,"s:60:6:66:Infinity":46,"s:71:2:81:Infinity":47,"b:72:4:80:Infinity:undefined:undefined:undefined:undefined":14,"s:72:4:80:Infinity":48,"s:73:6:79:Infinity":49,"s:84:2:580:Infinity":50,"s:85:23:85:Infinity":51,"s:89:21:89:Infinity":52,"b:89:29:89:82:89:82:89:84":15,"f:89:51:89:56":6,"s:89:64:89:77":53,"s:90:21:90:Infinity":54,"f:90:50:90:55":7,"s:90:63:90:76":55,"s:93:4:134:Infinity":56,"s:94:22:94:Infinity":57,"b:95:6:114:Infinity:104:13:114:Infinity":16,"s:95:6:114:Infinity":58,"s:96:8:103:Infinity":59,"b:104:13:114:Infinity:undefined:undefined:undefined:undefined":17,"s:104:13:114:Infinity":60,"s:105:8:113:Infinity":61,"b:116:6:133:Infinity:undefined:undefined:undefined:undefined":18,"s:116:6:133:Infinity":62,"b:117:8:117:Infinity:118:9:118:Infinity:119:10:119:Infinity":19,"s:121:8:132:Infinity":63,"b:137:4:150:Infinity:undefined:undefined:undefined:undefined":20,"s:137:4:150:Infinity":64,"s:138:6:149:Infinity":65,"b:139:8:148:Infinity:undefined:undefined:undefined:undefined":21,"s:139:8:148:Infinity":66,"s:140:10:147:Infinity":67,"s:152:23:152:Infinity":68,"b:152:31:152:75:152:75:152:77":22,"f:152:50:152:55":8,"s:152:61:152:70":69,"s:153:23:153:Infinity":70,"f:153:49:153:54":9,"s:153:60:153:69":71,"s:156:4:563:Infinity":72,"s:157:24:157:Infinity":73,"b:159:6:562:Infinity:170:13:562:Infinity":23,"s:159:6:562:Infinity":74,"s:162:8:169:Infinity":75,"b:174:8:184:Infinity:undefined:undefined:undefined:undefined":24,"s:174:8:184:Infinity":76,"s:175:10:183:Infinity":77,"s:186:25:186:Infinity":78,"f:186:51:186:56":10,"s:186:62:186:71":79,"s:187:25:187:Infinity":80,"f:187:51:187:56":11,"s:187:62:187:71":81,"s:190:8:301:Infinity":82,"s:191:26:191:Infinity":83,"b:192:10:300:Infinity:203:17:300:Infinity":25,"s:192:10:300:Infinity":84,"s:193:12:202:Infinity":85,"b:205:12:217:Infinity:undefined:undefined:undefined:undefined":26,"s:205:12:217:Infinity":86,"s:206:14:216:Infinity":87,"b:220:12:233:Infinity:undefined:undefined:undefined:undefined":27,"s:220:12:233:Infinity":88,"s:221:14:232:Infinity":89,"b:236:12:263:Infinity:undefined:undefined:undefined:undefined":28,"s:236:12:263:Infinity":90,"b:237:14:237:Infinity:238:15:238:48:238:48:238:Infinity":29,"s:240:45:240:Infinity":91,"b:241:14:248:Infinity:undefined:undefined:undefined:undefined":30,"s:241:14:248:Infinity":92,"b:242:16:242:Infinity:243:16:243:Infinity:244:16:244:Infinity:245:16:245:Infinity":31,"s:247:16:247:Infinity":93,"s:249:14:262:Infinity":94,"b:266:12:280:Infinity:undefined:undefined:undefined:undefined":32,"s:266:12:280:Infinity":95,"s:267:27:267:Infinity":96,"b:267:67:267:76:267:76:267:Infinity":33,"b:267:27:267:48:267:48:267:67":34,"s:268:14:279:Infinity":97,"s:283:35:283:Infinity":98,"b:283:35:283:84:283:84:283:Infinity":35,"b:284:12:299:Infinity:undefined:undefined:undefined:undefined":36,"s:284:12:299:Infinity":99,"s:285:33:285:Infinity":100,"b:285:56:285:95:285:95:285:Infinity":37,"s:286:33:286:Infinity":101,"b:286:56:286:95:286:95:286:Infinity":38,"s:287:14:298:Infinity":102,"s:304:8:317:Infinity":103,"b:305:10:316:Infinity:undefined:undefined:undefined:undefined":39,"s:305:10:316:Infinity":104,"s:306:12:315:Infinity":105,"s:320:27:320:Infinity":106,"f:320:45:320:53":12,"s:320:59:320:71":107,"s:321:27:321:Infinity":108,"f:321:45:321:53":13,"s:321:59:321:71":109,"b:323:8:375:Infinity:334:15:375:Infinity":40,"s:323:8:375:Infinity":110,"b:323:12:323:39:323:39:323:62":41,"s:324:10:333:Infinity":111,"f:331:34:331:39":14,"s:331:45:331:49":112,"f:332:36:332:41":15,"s:332:47:332:53":113,"b:334:15:375:Infinity:343:15:375:Infinity":42,"s:334:15:375:Infinity":114,"b:334:19:334:44:334:44:334:69":43,"s:335:10:342:Infinity":115,"b:343:15:375:Infinity:360:15:375:Infinity":44,"s:343:15:375:Infinity":116,"b:344:10:344:Infinity:345:10:345:Infinity:346:11:346:Infinity:347:12:347:Infinity":45,"s:349:10:359:Infinity":117,"f:358:36:358:41":16,"s:358:47:358:53":118,"b:360:15:375:Infinity:undefined:undefined:undefined:undefined":46,"s:360:15:375:Infinity":119,"b:361:10:361:Infinity:362:10:362:Infinity:363:10:363:Infinity":47,"s:365:10:374:Infinity":120,"s:378:24:378:Infinity":121,"f:378:54:378:59":17,"s:378:66:378:77":122,"s:379:24:379:Infinity":123,"f:379:54:379:59":18,"s:379:66:379:77":124,"s:381:8:422:Infinity":125,"s:382:25:382:Infinity":126,"b:383:10:421:Infinity:394:17:421:Infinity":48,"s:383:10:421:Infinity":127,"s:384:12:393:Infinity":128,"s:395:42:395:Infinity":129,"b:396:12:420:Infinity:408:19:420:Infinity":49,"s:396:12:420:Infinity":130,"s:397:14:407:Infinity":131,"b:408:19:420:Infinity:undefined:undefined:undefined:undefined":50,"s:408:19:420:Infinity":132,"s:409:14:419:Infinity":133,"s:424:8:437:Infinity":134,"b:425:10:436:Infinity:undefined:undefined:undefined:undefined":51,"s:425:10:436:Infinity":135,"s:426:12:435:Infinity":136,"s:440:24:440:Infinity":137,"f:440:60:440:65":19,"s:440:72:440:83":138,"s:441:24:441:Infinity":139,"f:441:60:441:65":20,"s:441:72:441:83":140,"s:443:8:484:Infinity":141,"s:444:25:444:Infinity":142,"b:445:10:483:Infinity:456:17:483:Infinity":52,"s:445:10:483:Infinity":143,"s:446:12:455:Infinity":144,"s:457:42:457:Infinity":145,"b:458:12:482:Infinity:470:19:482:Infinity":53,"s:458:12:482:Infinity":146,"s:459:14:469:Infinity":147,"b:470:19:482:Infinity:undefined:undefined:undefined:undefined":54,"s:470:19:482:Infinity":148,"s:471:14:481:Infinity":149,"s:486:8:499:Infinity":150,"b:487:10:498:Infinity:undefined:undefined:undefined:undefined":55,"s:487:10:498:Infinity":151,"s:488:12:497:Infinity":152,"s:502:25:502:Infinity":153,"f:502:51:502:56":21,"s:502:64:502:77":154,"s:503:25:503:Infinity":155,"f:503:51:503:56":22,"s:503:64:503:77":156,"s:505:8:546:Infinity":157,"s:506:26:506:Infinity":158,"b:507:10:545:Infinity:518:17:545:Infinity":56,"s:507:10:545:Infinity":159,"s:508:12:517:Infinity":160,"s:519:42:519:Infinity":161,"b:520:12:544:Infinity:532:19:544:Infinity":57,"s:520:12:544:Infinity":162,"s:521:14:531:Infinity":163,"b:532:19:544:Infinity:undefined:undefined:undefined:undefined":58,"s:532:19:544:Infinity":164,"s:533:14:543:Infinity":165,"s:548:8:561:Infinity":166,"b:549:10:560:Infinity:undefined:undefined:undefined:undefined":59,"s:549:10:560:Infinity":167,"s:550:12:559:Infinity":168,"b:566:4:579:Infinity:undefined:undefined:undefined:undefined":60,"s:566:4:579:Infinity":169,"s:567:6:578:Infinity":170,"b:568:8:577:Infinity:undefined:undefined:undefined:undefined":61,"s:568:8:577:Infinity":171,"s:569:10:576:Infinity":172,"s:582:2:585:Infinity":173},"fnNames":{}}}
,"C:\\Users\\samuel\\Projetos\\qube-modeler\\src\\core\\migration\\postgres-migration-generator.ts": {"path":"C:\\Users\\samuel\\Projetos\\qube-modeler\\src\\core\\migration\\postgres-migration-generator.ts","statementMap":{"0":{"start":{"line":15,"column":2},"end":{"line":17,"column":null}},"1":{"start":{"line":16,"column":4},"end":{"line":16,"column":null}},"2":{"start":{"line":18,"column":2},"end":{"line":18,"column":null}},"3":{"start":{"line":21,"column":48},"end":{"line":46,"column":null}},"4":{"start":{"line":49,"column":2},"end":{"line":49,"column":null}},"5":{"start":{"line":56,"column":2},"end":{"line":95,"column":null}},"6":{"start":{"line":58,"column":6},"end":{"line":61,"column":null}},"7":{"start":{"line":64,"column":6},"end":{"line":67,"column":null}},"8":{"start":{"line":70,"column":6},"end":{"line":73,"column":null}},"9":{"start":{"line":76,"column":6},"end":{"line":79,"column":null}},"10":{"start":{"line":82,"column":6},"end":{"line":85,"column":null}},"11":{"start":{"line":88,"column":6},"end":{"line":91,"column":null}},"12":{"start":{"line":94,"column":6},"end":{"line":94,"column":null}},"13":{"start":{"line":102,"column":2},"end":{"line":102,"column":null}},"14":{"start":{"line":102,"column":40},"end":{"line":102,"column":null}},"15":{"start":{"line":103,"column":2},"end":{"line":103,"column":null}},"16":{"start":{"line":103,"column":40},"end":{"line":103,"column":null}},"17":{"start":{"line":105,"column":17},"end":{"line":105,"column":null}},"18":{"start":{"line":106,"column":17},"end":{"line":106,"column":null}},"19":{"start":{"line":107,"column":2},"end":{"line":107,"column":null}},"20":{"start":{"line":107,"column":25},"end":{"line":107,"column":null}},"21":{"start":{"line":108,"column":2},"end":{"line":108,"column":null}},"22":{"start":{"line":115,"column":2},"end":{"line":117,"column":null}},"23":{"start":{"line":116,"column":4},"end":{"line":116,"column":null}},"24":{"start":{"line":119,"column":27},"end":{"line":122,"column":null}},"25":{"start":{"line":120,"column":25},"end":{"line":120,"column":39}},"26":{"start":{"line":122,"column":19},"end":{"line":122,"column":26}},"27":{"start":{"line":124,"column":34},"end":{"line":124,"column":null}},"28":{"start":{"line":125,"column":53},"end":{"line":125,"column":null}},"29":{"start":{"line":126,"column":48},"end":{"line":126,"column":null}},"30":{"start":{"line":128,"column":8},"end":{"line":132,"column":null}},"31":{"start":{"line":129,"column":4},"end":{"line":129,"column":null}},"32":{"start":{"line":129,"column":49},"end":{"line":129,"column":null}},"33":{"start":{"line":130,"column":4},"end":{"line":130,"column":null}},"34":{"start":{"line":131,"column":4},"end":{"line":131,"column":null}},"35":{"start":{"line":134,"column":2},"end":{"line":559,"column":null}},"36":{"start":{"line":135,"column":4},"end":{"line":137,"column":null}},"37":{"start":{"line":136,"column":6},"end":{"line":136,"column":null}},"38":{"start":{"line":139,"column":4},"end":{"line":141,"column":null}},"39":{"start":{"line":140,"column":6},"end":{"line":140,"column":null}},"40":{"start":{"line":143,"column":4},"end":{"line":558,"column":null}},"41":{"start":{"line":145,"column":8},"end":{"line":148,"column":null}},"42":{"start":{"line":149,"column":8},"end":{"line":149,"column":null}},"43":{"start":{"line":153,"column":23},"end":{"line":153,"column":null}},"44":{"start":{"line":153,"column":58},"end":{"line":153,"column":78}},"45":{"start":{"line":154,"column":8},"end":{"line":156,"column":null}},"46":{"start":{"line":155,"column":10},"end":{"line":155,"column":null}},"47":{"start":{"line":157,"column":25},"end":{"line":157,"column":null}},"48":{"start":{"line":157,"column":56},"end":{"line":157,"column":80}},"49":{"start":{"line":158,"column":8},"end":{"line":160,"column":null}},"50":{"start":{"line":159,"column":10},"end":{"line":159,"column":null}},"51":{"start":{"line":161,"column":8},"end":{"line":164,"column":null}},"52":{"start":{"line":165,"column":8},"end":{"line":165,"column":null}},"53":{"start":{"line":169,"column":23},"end":{"line":169,"column":null}},"54":{"start":{"line":169,"column":58},"end":{"line":169,"column":78}},"55":{"start":{"line":170,"column":8},"end":{"line":172,"column":null}},"56":{"start":{"line":171,"column":10},"end":{"line":171,"column":null}},"57":{"start":{"line":173,"column":22},"end":{"line":173,"column":null}},"58":{"start":{"line":173,"column":48},"end":{"line":173,"column":67}},"59":{"start":{"line":174,"column":8},"end":{"line":176,"column":null}},"60":{"start":{"line":175,"column":10},"end":{"line":175,"column":null}},"61":{"start":{"line":177,"column":8},"end":{"line":180,"column":null}},"62":{"start":{"line":181,"column":8},"end":{"line":188,"column":null}},"63":{"start":{"line":183,"column":12},"end":{"line":183,"column":null}},"64":{"start":{"line":186,"column":12},"end":{"line":186,"column":null}},"65":{"start":{"line":189,"column":8},"end":{"line":189,"column":null}},"66":{"start":{"line":193,"column":23},"end":{"line":193,"column":null}},"67":{"start":{"line":193,"column":58},"end":{"line":193,"column":78}},"68":{"start":{"line":194,"column":8},"end":{"line":196,"column":null}},"69":{"start":{"line":195,"column":10},"end":{"line":195,"column":null}},"70":{"start":{"line":197,"column":22},"end":{"line":197,"column":null}},"71":{"start":{"line":197,"column":48},"end":{"line":197,"column":67}},"72":{"start":{"line":198,"column":8},"end":{"line":200,"column":null}},"73":{"start":{"line":199,"column":10},"end":{"line":199,"column":null}},"74":{"start":{"line":201,"column":23},"end":{"line":201,"column":null}},"75":{"start":{"line":201,"column":49},"end":{"line":201,"column":69}},"76":{"start":{"line":202,"column":8},"end":{"line":204,"column":null}},"77":{"start":{"line":203,"column":10},"end":{"line":203,"column":null}},"78":{"start":{"line":205,"column":14},"end":{"line":205,"column":null}},"79":{"start":{"line":206,"column":8},"end":{"line":209,"column":null}},"80":{"start":{"line":210,"column":8},"end":{"line":210,"column":null}},"81":{"start":{"line":214,"column":23},"end":{"line":214,"column":null}},"82":{"start":{"line":214,"column":58},"end":{"line":214,"column":78}},"83":{"start":{"line":215,"column":8},"end":{"line":217,"column":null}},"84":{"start":{"line":216,"column":10},"end":{"line":216,"column":null}},"85":{"start":{"line":218,"column":22},"end":{"line":218,"column":null}},"86":{"start":{"line":218,"column":48},"end":{"line":218,"column":67}},"87":{"start":{"line":219,"column":8},"end":{"line":221,"column":null}},"88":{"start":{"line":220,"column":10},"end":{"line":220,"column":null}},"89":{"start":{"line":223,"column":8},"end":{"line":226,"column":null}},"90":{"start":{"line":227,"column":8},"end":{"line":227,"column":null}},"91":{"start":{"line":231,"column":23},"end":{"line":231,"column":null}},"92":{"start":{"line":231,"column":58},"end":{"line":231,"column":78}},"93":{"start":{"line":232,"column":8},"end":{"line":234,"column":null}},"94":{"start":{"line":233,"column":10},"end":{"line":233,"column":null}},"95":{"start":{"line":235,"column":22},"end":{"line":235,"column":null}},"96":{"start":{"line":235,"column":48},"end":{"line":235,"column":67}},"97":{"start":{"line":236,"column":8},"end":{"line":238,"column":null}},"98":{"start":{"line":237,"column":10},"end":{"line":237,"column":null}},"99":{"start":{"line":239,"column":19},"end":{"line":239,"column":null}},"100":{"start":{"line":239,"column":49},"end":{"line":239,"column":73}},"101":{"start":{"line":240,"column":8},"end":{"line":242,"column":null}},"102":{"start":{"line":241,"column":10},"end":{"line":241,"column":null}},"103":{"start":{"line":243,"column":14},"end":{"line":243,"column":null}},"104":{"start":{"line":244,"column":8},"end":{"line":247,"column":null}},"105":{"start":{"line":248,"column":8},"end":{"line":248,"column":null}},"106":{"start":{"line":252,"column":23},"end":{"line":252,"column":null}},"107":{"start":{"line":252,"column":58},"end":{"line":252,"column":78}},"108":{"start":{"line":253,"column":8},"end":{"line":255,"column":null}},"109":{"start":{"line":254,"column":10},"end":{"line":254,"column":null}},"110":{"start":{"line":256,"column":22},"end":{"line":256,"column":null}},"111":{"start":{"line":256,"column":48},"end":{"line":256,"column":67}},"112":{"start":{"line":257,"column":8},"end":{"line":259,"column":null}},"113":{"start":{"line":258,"column":10},"end":{"line":258,"column":null}},"114":{"start":{"line":260,"column":19},"end":{"line":260,"column":null}},"115":{"start":{"line":260,"column":55},"end":{"line":260,"column":85}},"116":{"start":{"line":261,"column":8},"end":{"line":263,"column":null}},"117":{"start":{"line":262,"column":10},"end":{"line":262,"column":null}},"118":{"start":{"line":264,"column":14},"end":{"line":264,"column":null}},"119":{"start":{"line":265,"column":8},"end":{"line":268,"column":null}},"120":{"start":{"line":269,"column":8},"end":{"line":269,"column":null}},"121":{"start":{"line":273,"column":23},"end":{"line":273,"column":null}},"122":{"start":{"line":273,"column":58},"end":{"line":273,"column":78}},"123":{"start":{"line":274,"column":8},"end":{"line":276,"column":null}},"124":{"start":{"line":275,"column":10},"end":{"line":275,"column":null}},"125":{"start":{"line":277,"column":22},"end":{"line":277,"column":null}},"126":{"start":{"line":277,"column":48},"end":{"line":277,"column":67}},"127":{"start":{"line":278,"column":8},"end":{"line":280,"column":null}},"128":{"start":{"line":279,"column":10},"end":{"line":279,"column":null}},"129":{"start":{"line":281,"column":20},"end":{"line":281,"column":null}},"130":{"start":{"line":281,"column":46},"end":{"line":281,"column":65}},"131":{"start":{"line":282,"column":8},"end":{"line":284,"column":null}},"132":{"start":{"line":283,"column":10},"end":{"line":283,"column":null}},"133":{"start":{"line":285,"column":8},"end":{"line":288,"column":null}},"134":{"start":{"line":289,"column":8},"end":{"line":289,"column":null}},"135":{"start":{"line":293,"column":23},"end":{"line":293,"column":null}},"136":{"start":{"line":293,"column":58},"end":{"line":293,"column":78}},"137":{"start":{"line":294,"column":8},"end":{"line":296,"column":null}},"138":{"start":{"line":295,"column":10},"end":{"line":295,"column":null}},"139":{"start":{"line":297,"column":22},"end":{"line":297,"column":null}},"140":{"start":{"line":297,"column":48},"end":{"line":297,"column":67}},"141":{"start":{"line":298,"column":8},"end":{"line":300,"column":null}},"142":{"start":{"line":299,"column":10},"end":{"line":299,"column":null}},"143":{"start":{"line":301,"column":20},"end":{"line":304,"column":null}},"144":{"start":{"line":305,"column":8},"end":{"line":305,"column":null}},"145":{"start":{"line":306,"column":8},"end":{"line":306,"column":null}},"146":{"start":{"line":310,"column":23},"end":{"line":310,"column":null}},"147":{"start":{"line":310,"column":58},"end":{"line":310,"column":78}},"148":{"start":{"line":311,"column":8},"end":{"line":313,"column":null}},"149":{"start":{"line":312,"column":10},"end":{"line":312,"column":null}},"150":{"start":{"line":314,"column":22},"end":{"line":314,"column":null}},"151":{"start":{"line":314,"column":48},"end":{"line":314,"column":67}},"152":{"start":{"line":315,"column":8},"end":{"line":317,"column":null}},"153":{"start":{"line":316,"column":10},"end":{"line":316,"column":null}},"154":{"start":{"line":318,"column":19},"end":{"line":318,"column":null}},"155":{"start":{"line":318,"column":49},"end":{"line":318,"column":73}},"156":{"start":{"line":319,"column":8},"end":{"line":321,"column":null}},"157":{"start":{"line":320,"column":10},"end":{"line":320,"column":null}},"158":{"start":{"line":322,"column":14},"end":{"line":322,"column":null}},"159":{"start":{"line":323,"column":20},"end":{"line":326,"column":null}},"160":{"start":{"line":327,"column":8},"end":{"line":327,"column":null}},"161":{"start":{"line":328,"column":8},"end":{"line":328,"column":null}},"162":{"start":{"line":332,"column":23},"end":{"line":332,"column":null}},"163":{"start":{"line":332,"column":58},"end":{"line":332,"column":78}},"164":{"start":{"line":333,"column":8},"end":{"line":335,"column":null}},"165":{"start":{"line":334,"column":10},"end":{"line":334,"column":null}},"166":{"start":{"line":336,"column":22},"end":{"line":336,"column":null}},"167":{"start":{"line":336,"column":48},"end":{"line":336,"column":67}},"168":{"start":{"line":337,"column":8},"end":{"line":339,"column":null}},"169":{"start":{"line":338,"column":10},"end":{"line":338,"column":null}},"170":{"start":{"line":340,"column":19},"end":{"line":340,"column":null}},"171":{"start":{"line":340,"column":55},"end":{"line":340,"column":85}},"172":{"start":{"line":341,"column":8},"end":{"line":343,"column":null}},"173":{"start":{"line":342,"column":10},"end":{"line":342,"column":null}},"174":{"start":{"line":344,"column":14},"end":{"line":344,"column":null}},"175":{"start":{"line":345,"column":20},"end":{"line":348,"column":null}},"176":{"start":{"line":349,"column":8},"end":{"line":349,"column":null}},"177":{"start":{"line":350,"column":8},"end":{"line":350,"column":null}},"178":{"start":{"line":354,"column":23},"end":{"line":354,"column":null}},"179":{"start":{"line":354,"column":58},"end":{"line":354,"column":78}},"180":{"start":{"line":355,"column":8},"end":{"line":357,"column":null}},"181":{"start":{"line":356,"column":10},"end":{"line":356,"column":null}},"182":{"start":{"line":358,"column":22},"end":{"line":358,"column":null}},"183":{"start":{"line":358,"column":48},"end":{"line":358,"column":67}},"184":{"start":{"line":359,"column":8},"end":{"line":361,"column":null}},"185":{"start":{"line":360,"column":10},"end":{"line":360,"column":null}},"186":{"start":{"line":362,"column":20},"end":{"line":362,"column":null}},"187":{"start":{"line":362,"column":46},"end":{"line":362,"column":65}},"188":{"start":{"line":363,"column":8},"end":{"line":365,"column":null}},"189":{"start":{"line":364,"column":10},"end":{"line":364,"column":null}},"190":{"start":{"line":366,"column":14},"end":{"line":366,"column":null}},"191":{"start":{"line":367,"column":20},"end":{"line":370,"column":null}},"192":{"start":{"line":371,"column":8},"end":{"line":371,"column":null}},"193":{"start":{"line":372,"column":8},"end":{"line":372,"column":null}},"194":{"start":{"line":377,"column":8},"end":{"line":380,"column":null}},"195":{"start":{"line":381,"column":8},"end":{"line":381,"column":null}},"196":{"start":{"line":385,"column":8},"end":{"line":388,"column":null}},"197":{"start":{"line":389,"column":8},"end":{"line":389,"column":null}},"198":{"start":{"line":393,"column":8},"end":{"line":396,"column":null}},"199":{"start":{"line":397,"column":8},"end":{"line":397,"column":null}},"200":{"start":{"line":401,"column":8},"end":{"line":404,"column":null}},"201":{"start":{"line":405,"column":8},"end":{"line":405,"column":null}},"202":{"start":{"line":411,"column":8},"end":{"line":414,"column":null}},"203":{"start":{"line":415,"column":8},"end":{"line":415,"column":null}},"204":{"start":{"line":419,"column":8},"end":{"line":422,"column":null}},"205":{"start":{"line":423,"column":8},"end":{"line":423,"column":null}},"206":{"start":{"line":427,"column":8},"end":{"line":434,"column":null}},"207":{"start":{"line":435,"column":8},"end":{"line":435,"column":null}},"208":{"start":{"line":440,"column":23},"end":{"line":440,"column":null}},"209":{"start":{"line":440,"column":58},"end":{"line":440,"column":78}},"210":{"start":{"line":441,"column":8},"end":{"line":443,"column":null}},"211":{"start":{"line":442,"column":10},"end":{"line":442,"column":null}},"212":{"start":{"line":444,"column":22},"end":{"line":444,"column":null}},"213":{"start":{"line":444,"column":48},"end":{"line":444,"column":67}},"214":{"start":{"line":445,"column":8},"end":{"line":447,"column":null}},"215":{"start":{"line":446,"column":10},"end":{"line":446,"column":null}},"216":{"start":{"line":448,"column":23},"end":{"line":448,"column":null}},"217":{"start":{"line":448,"column":49},"end":{"line":448,"column":69}},"218":{"start":{"line":449,"column":8},"end":{"line":451,"column":null}},"219":{"start":{"line":450,"column":10},"end":{"line":450,"column":null}},"220":{"start":{"line":452,"column":14},"end":{"line":452,"column":null}},"221":{"start":{"line":453,"column":8},"end":{"line":456,"column":null}},"222":{"start":{"line":457,"column":8},"end":{"line":457,"column":null}},"223":{"start":{"line":461,"column":23},"end":{"line":461,"column":null}},"224":{"start":{"line":461,"column":58},"end":{"line":461,"column":78}},"225":{"start":{"line":462,"column":8},"end":{"line":464,"column":null}},"226":{"start":{"line":463,"column":10},"end":{"line":463,"column":null}},"227":{"start":{"line":465,"column":22},"end":{"line":465,"column":null}},"228":{"start":{"line":465,"column":48},"end":{"line":465,"column":67}},"229":{"start":{"line":466,"column":8},"end":{"line":468,"column":null}},"230":{"start":{"line":467,"column":10},"end":{"line":467,"column":null}},"231":{"start":{"line":469,"column":23},"end":{"line":469,"column":null}},"232":{"start":{"line":469,"column":49},"end":{"line":469,"column":69}},"233":{"start":{"line":470,"column":8},"end":{"line":472,"column":null}},"234":{"start":{"line":471,"column":10},"end":{"line":471,"column":null}},"235":{"start":{"line":473,"column":14},"end":{"line":473,"column":null}},"236":{"start":{"line":474,"column":8},"end":{"line":477,"column":null}},"237":{"start":{"line":478,"column":8},"end":{"line":478,"column":null}},"238":{"start":{"line":482,"column":23},"end":{"line":482,"column":null}},"239":{"start":{"line":483,"column":8},"end":{"line":486,"column":null}},"240":{"start":{"line":487,"column":8},"end":{"line":487,"column":null}},"241":{"start":{"line":491,"column":23},"end":{"line":491,"column":null}},"242":{"start":{"line":492,"column":8},"end":{"line":495,"column":null}},"243":{"start":{"line":496,"column":8},"end":{"line":496,"column":null}},"244":{"start":{"line":501,"column":8},"end":{"line":504,"column":null}},"245":{"start":{"line":505,"column":8},"end":{"line":505,"column":null}},"246":{"start":{"line":509,"column":8},"end":{"line":512,"column":null}},"247":{"start":{"line":513,"column":8},"end":{"line":513,"column":null}},"248":{"start":{"line":517,"column":8},"end":{"line":520,"column":null}},"249":{"start":{"line":521,"column":8},"end":{"line":521,"column":null}},"250":{"start":{"line":525,"column":8},"end":{"line":528,"column":null}},"251":{"start":{"line":529,"column":8},"end":{"line":529,"column":null}},"252":{"start":{"line":533,"column":8},"end":{"line":536,"column":null}},"253":{"start":{"line":537,"column":8},"end":{"line":537,"column":null}},"254":{"start":{"line":541,"column":8},"end":{"line":544,"column":null}},"255":{"start":{"line":545,"column":8},"end":{"line":545,"column":null}},"256":{"start":{"line":549,"column":8},"end":{"line":552,"column":null}},"257":{"start":{"line":553,"column":8},"end":{"line":553,"column":null}},"258":{"start":{"line":557,"column":8},"end":{"line":557,"column":null}},"259":{"start":{"line":561,"column":2},"end":{"line":561,"column":null}},"260":{"start":{"line":563,"column":2},"end":{"line":563,"column":null}}},"fnMap":{"0":{"name":"formatStatement","decl":{"start":{"line":14,"column":9},"end":{"line":14,"column":25}},"loc":{"start":{"line":14,"column":60},"end":{"line":19,"column":null}},"line":14},"1":{"name":"getOperationOrder","decl":{"start":{"line":48,"column":9},"end":{"line":48,"column":27}},"loc":{"start":{"line":48,"column":68},"end":{"line":50,"column":null}},"line":48},"2":{"name":"mustDropBeforeRename","decl":{"start":{"line":52,"column":9},"end":{"line":52,"column":null}},"loc":{"start":{"line":55,"column":11},"end":{"line":96,"column":null}},"line":55},"3":{"name":"compareMigrationOperations","decl":{"start":{"line":98,"column":9},"end":{"line":98,"column":null}},"loc":{"start":{"line":101,"column":10},"end":{"line":109,"column":null}},"line":101},"4":{"name":"generatePostgresMigrationSql","decl":{"start":{"line":111,"column":16},"end":{"line":111,"column":null}},"loc":{"start":{"line":114,"column":10},"end":{"line":564,"column":null}},"line":114},"5":{"name":"(anonymous_5)","decl":{"start":{"line":120,"column":5},"end":{"line":120,"column":10}},"loc":{"start":{"line":120,"column":25},"end":{"line":120,"column":39}},"line":120},"6":{"name":"(anonymous_6)","decl":{"start":{"line":122,"column":5},"end":{"line":122,"column":10}},"loc":{"start":{"line":122,"column":19},"end":{"line":122,"column":26}},"line":122},"7":{"name":"(anonymous_7)","decl":{"start":{"line":128,"column":8},"end":{"line":128,"column":54}},"loc":{"start":{"line":128,"column":54},"end":{"line":132,"column":null}},"line":128},"8":{"name":"(anonymous_8)","decl":{"start":{"line":153,"column":46},"end":{"line":153,"column":52}},"loc":{"start":{"line":153,"column":58},"end":{"line":153,"column":78}},"line":153},"9":{"name":"(anonymous_9)","decl":{"start":{"line":157,"column":42},"end":{"line":157,"column":48}},"loc":{"start":{"line":157,"column":56},"end":{"line":157,"column":80}},"line":157},"10":{"name":"(anonymous_10)","decl":{"start":{"line":169,"column":46},"end":{"line":169,"column":52}},"loc":{"start":{"line":169,"column":58},"end":{"line":169,"column":78}},"line":169},"11":{"name":"(anonymous_11)","decl":{"start":{"line":173,"column":36},"end":{"line":173,"column":42}},"loc":{"start":{"line":173,"column":48},"end":{"line":173,"column":67}},"line":173},"12":{"name":"(anonymous_12)","decl":{"start":{"line":182,"column":55},"end":{"line":182,"column":60}},"loc":{"start":{"line":183,"column":12},"end":{"line":183,"column":null}},"line":183},"13":{"name":"(anonymous_13)","decl":{"start":{"line":185,"column":27},"end":{"line":185,"column":32}},"loc":{"start":{"line":186,"column":12},"end":{"line":186,"column":null}},"line":186},"14":{"name":"(anonymous_14)","decl":{"start":{"line":193,"column":46},"end":{"line":193,"column":52}},"loc":{"start":{"line":193,"column":58},"end":{"line":193,"column":78}},"line":193},"15":{"name":"(anonymous_15)","decl":{"start":{"line":197,"column":36},"end":{"line":197,"column":42}},"loc":{"start":{"line":197,"column":48},"end":{"line":197,"column":67}},"line":197},"16":{"name":"(anonymous_16)","decl":{"start":{"line":201,"column":37},"end":{"line":201,"column":43}},"loc":{"start":{"line":201,"column":49},"end":{"line":201,"column":69}},"line":201},"17":{"name":"(anonymous_17)","decl":{"start":{"line":214,"column":46},"end":{"line":214,"column":52}},"loc":{"start":{"line":214,"column":58},"end":{"line":214,"column":78}},"line":214},"18":{"name":"(anonymous_18)","decl":{"start":{"line":218,"column":36},"end":{"line":218,"column":42}},"loc":{"start":{"line":218,"column":48},"end":{"line":218,"column":67}},"line":218},"19":{"name":"(anonymous_19)","decl":{"start":{"line":231,"column":46},"end":{"line":231,"column":52}},"loc":{"start":{"line":231,"column":58},"end":{"line":231,"column":78}},"line":231},"20":{"name":"(anonymous_20)","decl":{"start":{"line":235,"column":36},"end":{"line":235,"column":42}},"loc":{"start":{"line":235,"column":48},"end":{"line":235,"column":67}},"line":235},"21":{"name":"(anonymous_21)","decl":{"start":{"line":239,"column":37},"end":{"line":239,"column":43}},"loc":{"start":{"line":239,"column":49},"end":{"line":239,"column":73}},"line":239},"22":{"name":"(anonymous_22)","decl":{"start":{"line":252,"column":46},"end":{"line":252,"column":52}},"loc":{"start":{"line":252,"column":58},"end":{"line":252,"column":78}},"line":252},"23":{"name":"(anonymous_23)","decl":{"start":{"line":256,"column":36},"end":{"line":256,"column":42}},"loc":{"start":{"line":256,"column":48},"end":{"line":256,"column":67}},"line":256},"24":{"name":"(anonymous_24)","decl":{"start":{"line":260,"column":43},"end":{"line":260,"column":49}},"loc":{"start":{"line":260,"column":55},"end":{"line":260,"column":85}},"line":260},"25":{"name":"(anonymous_25)","decl":{"start":{"line":273,"column":46},"end":{"line":273,"column":52}},"loc":{"start":{"line":273,"column":58},"end":{"line":273,"column":78}},"line":273},"26":{"name":"(anonymous_26)","decl":{"start":{"line":277,"column":36},"end":{"line":277,"column":42}},"loc":{"start":{"line":277,"column":48},"end":{"line":277,"column":67}},"line":277},"27":{"name":"(anonymous_27)","decl":{"start":{"line":281,"column":34},"end":{"line":281,"column":40}},"loc":{"start":{"line":281,"column":46},"end":{"line":281,"column":65}},"line":281},"28":{"name":"(anonymous_28)","decl":{"start":{"line":293,"column":46},"end":{"line":293,"column":52}},"loc":{"start":{"line":293,"column":58},"end":{"line":293,"column":78}},"line":293},"29":{"name":"(anonymous_29)","decl":{"start":{"line":297,"column":36},"end":{"line":297,"column":42}},"loc":{"start":{"line":297,"column":48},"end":{"line":297,"column":67}},"line":297},"30":{"name":"(anonymous_30)","decl":{"start":{"line":310,"column":46},"end":{"line":310,"column":52}},"loc":{"start":{"line":310,"column":58},"end":{"line":310,"column":78}},"line":310},"31":{"name":"(anonymous_31)","decl":{"start":{"line":314,"column":36},"end":{"line":314,"column":42}},"loc":{"start":{"line":314,"column":48},"end":{"line":314,"column":67}},"line":314},"32":{"name":"(anonymous_32)","decl":{"start":{"line":318,"column":37},"end":{"line":318,"column":43}},"loc":{"start":{"line":318,"column":49},"end":{"line":318,"column":73}},"line":318},"33":{"name":"(anonymous_33)","decl":{"start":{"line":332,"column":46},"end":{"line":332,"column":52}},"loc":{"start":{"line":332,"column":58},"end":{"line":332,"column":78}},"line":332},"34":{"name":"(anonymous_34)","decl":{"start":{"line":336,"column":36},"end":{"line":336,"column":42}},"loc":{"start":{"line":336,"column":48},"end":{"line":336,"column":67}},"line":336},"35":{"name":"(anonymous_35)","decl":{"start":{"line":340,"column":43},"end":{"line":340,"column":49}},"loc":{"start":{"line":340,"column":55},"end":{"line":340,"column":85}},"line":340},"36":{"name":"(anonymous_36)","decl":{"start":{"line":354,"column":46},"end":{"line":354,"column":52}},"loc":{"start":{"line":354,"column":58},"end":{"line":354,"column":78}},"line":354},"37":{"name":"(anonymous_37)","decl":{"start":{"line":358,"column":36},"end":{"line":358,"column":42}},"loc":{"start":{"line":358,"column":48},"end":{"line":358,"column":67}},"line":358},"38":{"name":"(anonymous_38)","decl":{"start":{"line":362,"column":34},"end":{"line":362,"column":40}},"loc":{"start":{"line":362,"column":46},"end":{"line":362,"column":65}},"line":362},"39":{"name":"(anonymous_39)","decl":{"start":{"line":440,"column":46},"end":{"line":440,"column":52}},"loc":{"start":{"line":440,"column":58},"end":{"line":440,"column":78}},"line":440},"40":{"name":"(anonymous_40)","decl":{"start":{"line":444,"column":36},"end":{"line":444,"column":42}},"loc":{"start":{"line":444,"column":48},"end":{"line":444,"column":67}},"line":444},"41":{"name":"(anonymous_41)","decl":{"start":{"line":448,"column":37},"end":{"line":448,"column":43}},"loc":{"start":{"line":448,"column":49},"end":{"line":448,"column":69}},"line":448},"42":{"name":"(anonymous_42)","decl":{"start":{"line":461,"column":46},"end":{"line":461,"column":52}},"loc":{"start":{"line":461,"column":58},"end":{"line":461,"column":78}},"line":461},"43":{"name":"(anonymous_43)","decl":{"start":{"line":465,"column":36},"end":{"line":465,"column":42}},"loc":{"start":{"line":465,"column":48},"end":{"line":465,"column":67}},"line":465},"44":{"name":"(anonymous_44)","decl":{"start":{"line":469,"column":37},"end":{"line":469,"column":43}},"loc":{"start":{"line":469,"column":49},"end":{"line":469,"column":69}},"line":469}},"branchMap":{"0":{"loc":{"start":{"line":15,"column":2},"end":{"line":17,"column":null}},"type":"if","locations":[{"start":{"line":15,"column":2},"end":{"line":17,"column":null}},{"start":{},"end":{}}],"line":15},"1":{"loc":{"start":{"line":49,"column":9},"end":{"line":49,"column":null}},"type":"binary-expr","locations":[{"start":{"line":49,"column":9},"end":{"line":49,"column":44}},{"start":{"line":49,"column":44},"end":{"line":49,"column":null}}],"line":49},"2":{"loc":{"start":{"line":56,"column":2},"end":{"line":95,"column":null}},"type":"switch","locations":[{"start":{"line":57,"column":4},"end":{"line":61,"column":null}},{"start":{"line":63,"column":4},"end":{"line":67,"column":null}},{"start":{"line":69,"column":4},"end":{"line":73,"column":null}},{"start":{"line":75,"column":4},"end":{"line":79,"column":null}},{"start":{"line":81,"column":4},"end":{"line":85,"column":null}},{"start":{"line":87,"column":4},"end":{"line":91,"column":null}},{"start":{"line":93,"column":4},"end":{"line":94,"column":null}}],"line":56},"3":{"loc":{"start":{"line":59,"column":8},"end":{"line":61,"column":null}},"type":"binary-expr","locations":[{"start":{"line":59,"column":8},"end":{"line":59,"column":null}},{"start":{"line":60,"column":8},"end":{"line":60,"column":null}},{"start":{"line":61,"column":8},"end":{"line":61,"column":null}}],"line":59},"4":{"loc":{"start":{"line":65,"column":8},"end":{"line":67,"column":null}},"type":"binary-expr","locations":[{"start":{"line":65,"column":8},"end":{"line":65,"column":null}},{"start":{"line":66,"column":8},"end":{"line":66,"column":null}},{"start":{"line":67,"column":8},"end":{"line":67,"column":null}}],"line":65},"5":{"loc":{"start":{"line":71,"column":8},"end":{"line":73,"column":null}},"type":"binary-expr","locations":[{"start":{"line":71,"column":8},"end":{"line":71,"column":null}},{"start":{"line":72,"column":8},"end":{"line":72,"column":null}},{"start":{"line":73,"column":8},"end":{"line":73,"column":null}}],"line":71},"6":{"loc":{"start":{"line":77,"column":8},"end":{"line":79,"column":null}},"type":"binary-expr","locations":[{"start":{"line":77,"column":8},"end":{"line":77,"column":null}},{"start":{"line":78,"column":8},"end":{"line":78,"column":null}},{"start":{"line":79,"column":8},"end":{"line":79,"column":null}}],"line":77},"7":{"loc":{"start":{"line":83,"column":8},"end":{"line":85,"column":null}},"type":"binary-expr","locations":[{"start":{"line":83,"column":8},"end":{"line":83,"column":null}},{"start":{"line":84,"column":8},"end":{"line":84,"column":null}},{"start":{"line":85,"column":8},"end":{"line":85,"column":null}}],"line":83},"8":{"loc":{"start":{"line":89,"column":8},"end":{"line":91,"column":null}},"type":"binary-expr","locations":[{"start":{"line":89,"column":8},"end":{"line":89,"column":null}},{"start":{"line":90,"column":8},"end":{"line":90,"column":null}},{"start":{"line":91,"column":8},"end":{"line":91,"column":null}}],"line":89},"9":{"loc":{"start":{"line":102,"column":2},"end":{"line":102,"column":null}},"type":"if","locations":[{"start":{"line":102,"column":2},"end":{"line":102,"column":null}},{"start":{},"end":{}}],"line":102},"10":{"loc":{"start":{"line":103,"column":2},"end":{"line":103,"column":null}},"type":"if","locations":[{"start":{"line":103,"column":2},"end":{"line":103,"column":null}},{"start":{},"end":{}}],"line":103},"11":{"loc":{"start":{"line":107,"column":2},"end":{"line":107,"column":null}},"type":"if","locations":[{"start":{"line":107,"column":2},"end":{"line":107,"column":null}},{"start":{},"end":{}}],"line":107},"12":{"loc":{"start":{"line":115,"column":2},"end":{"line":117,"column":null}},"type":"if","locations":[{"start":{"line":115,"column":2},"end":{"line":117,"column":null}},{"start":{},"end":{}}],"line":115},"13":{"loc":{"start":{"line":115,"column":6},"end":{"line":115,"column":56}},"type":"binary-expr","locations":[{"start":{"line":115,"column":6},"end":{"line":115,"column":26}},{"start":{"line":115,"column":26},"end":{"line":115,"column":56}}],"line":115},"14":{"loc":{"start":{"line":129,"column":4},"end":{"line":129,"column":null}},"type":"if","locations":[{"start":{"line":129,"column":4},"end":{"line":129,"column":null}},{"start":{},"end":{}}],"line":129},"15":{"loc":{"start":{"line":135,"column":4},"end":{"line":137,"column":null}},"type":"if","locations":[{"start":{"line":135,"column":4},"end":{"line":137,"column":null}},{"start":{},"end":{}}],"line":135},"16":{"loc":{"start":{"line":139,"column":4},"end":{"line":141,"column":null}},"type":"if","locations":[{"start":{"line":139,"column":4},"end":{"line":141,"column":null}},{"start":{},"end":{}}],"line":139},"17":{"loc":{"start":{"line":139,"column":8},"end":{"line":139,"column":100}},"type":"binary-expr","locations":[{"start":{"line":139,"column":8},"end":{"line":139,"column":39}},{"start":{"line":139,"column":39},"end":{"line":139,"column":72}},{"start":{"line":139,"column":72},"end":{"line":139,"column":100}}],"line":139},"18":{"loc":{"start":{"line":143,"column":4},"end":{"line":558,"column":null}},"type":"switch","locations":[{"start":{"line":144,"column":6},"end":{"line":150,"column":null}},{"start":{"line":152,"column":6},"end":{"line":166,"column":null}},{"start":{"line":168,"column":6},"end":{"line":190,"column":null}},{"start":{"line":192,"column":6},"end":{"line":211,"column":null}},{"start":{"line":213,"column":6},"end":{"line":228,"column":null}},{"start":{"line":230,"column":6},"end":{"line":249,"column":null}},{"start":{"line":251,"column":6},"end":{"line":270,"column":null}},{"start":{"line":272,"column":6},"end":{"line":290,"column":null}},{"start":{"line":292,"column":6},"end":{"line":307,"column":null}},{"start":{"line":309,"column":6},"end":{"line":329,"column":null}},{"start":{"line":331,"column":6},"end":{"line":351,"column":null}},{"start":{"line":353,"column":6},"end":{"line":373,"column":null}},{"start":{"line":376,"column":6},"end":{"line":382,"column":null}},{"start":{"line":384,"column":6},"end":{"line":390,"column":null}},{"start":{"line":392,"column":6},"end":{"line":398,"column":null}},{"start":{"line":400,"column":6},"end":{"line":406,"column":null}},{"start":{"line":408,"column":6},"end":{"line":408,"column":null}},{"start":{"line":409,"column":6},"end":{"line":409,"column":null}},{"start":{"line":410,"column":6},"end":{"line":416,"column":null}},{"start":{"line":418,"column":6},"end":{"line":424,"column":null}},{"start":{"line":426,"column":6},"end":{"line":436,"column":null}},{"start":{"line":439,"column":6},"end":{"line":458,"column":null}},{"start":{"line":460,"column":6},"end":{"line":479,"column":null}},{"start":{"line":481,"column":6},"end":{"line":488,"column":null}},{"start":{"line":490,"column":6},"end":{"line":497,"column":null}},{"start":{"line":500,"column":6},"end":{"line":506,"column":null}},{"start":{"line":508,"column":6},"end":{"line":514,"column":null}},{"start":{"line":516,"column":6},"end":{"line":522,"column":null}},{"start":{"line":524,"column":6},"end":{"line":530,"column":null}},{"start":{"line":532,"column":6},"end":{"line":538,"column":null}},{"start":{"line":540,"column":6},"end":{"line":546,"column":null}},{"start":{"line":548,"column":6},"end":{"line":554,"column":null}},{"start":{"line":556,"column":6},"end":{"line":557,"column":null}}],"line":143},"19":{"loc":{"start":{"line":154,"column":8},"end":{"line":156,"column":null}},"type":"if","locations":[{"start":{"line":154,"column":8},"end":{"line":156,"column":null}},{"start":{},"end":{}}],"line":154},"20":{"loc":{"start":{"line":158,"column":8},"end":{"line":160,"column":null}},"type":"if","locations":[{"start":{"line":158,"column":8},"end":{"line":160,"column":null}},{"start":{},"end":{}}],"line":158},"21":{"loc":{"start":{"line":170,"column":8},"end":{"line":172,"column":null}},"type":"if","locations":[{"start":{"line":170,"column":8},"end":{"line":172,"column":null}},{"start":{},"end":{}}],"line":170},"22":{"loc":{"start":{"line":174,"column":8},"end":{"line":176,"column":null}},"type":"if","locations":[{"start":{"line":174,"column":8},"end":{"line":176,"column":null}},{"start":{},"end":{}}],"line":174},"23":{"loc":{"start":{"line":194,"column":8},"end":{"line":196,"column":null}},"type":"if","locations":[{"start":{"line":194,"column":8},"end":{"line":196,"column":null}},{"start":{},"end":{}}],"line":194},"24":{"loc":{"start":{"line":198,"column":8},"end":{"line":200,"column":null}},"type":"if","locations":[{"start":{"line":198,"column":8},"end":{"line":200,"column":null}},{"start":{},"end":{}}],"line":198},"25":{"loc":{"start":{"line":202,"column":8},"end":{"line":204,"column":null}},"type":"if","locations":[{"start":{"line":202,"column":8},"end":{"line":204,"column":null}},{"start":{},"end":{}}],"line":202},"26":{"loc":{"start":{"line":215,"column":8},"end":{"line":217,"column":null}},"type":"if","locations":[{"start":{"line":215,"column":8},"end":{"line":217,"column":null}},{"start":{},"end":{}}],"line":215},"27":{"loc":{"start":{"line":219,"column":8},"end":{"line":221,"column":null}},"type":"if","locations":[{"start":{"line":219,"column":8},"end":{"line":221,"column":null}},{"start":{},"end":{}}],"line":219},"28":{"loc":{"start":{"line":232,"column":8},"end":{"line":234,"column":null}},"type":"if","locations":[{"start":{"line":232,"column":8},"end":{"line":234,"column":null}},{"start":{},"end":{}}],"line":232},"29":{"loc":{"start":{"line":236,"column":8},"end":{"line":238,"column":null}},"type":"if","locations":[{"start":{"line":236,"column":8},"end":{"line":238,"column":null}},{"start":{},"end":{}}],"line":236},"30":{"loc":{"start":{"line":240,"column":8},"end":{"line":242,"column":null}},"type":"if","locations":[{"start":{"line":240,"column":8},"end":{"line":242,"column":null}},{"start":{},"end":{}}],"line":240},"31":{"loc":{"start":{"line":253,"column":8},"end":{"line":255,"column":null}},"type":"if","locations":[{"start":{"line":253,"column":8},"end":{"line":255,"column":null}},{"start":{},"end":{}}],"line":253},"32":{"loc":{"start":{"line":257,"column":8},"end":{"line":259,"column":null}}
[...]
:{"line":34,"column":null}},"type":"if","locations":[{"start":{"line":30,"column":2},"end":{"line":34,"column":null}},{"start":{},"end":{}}],"line":30},"6":{"loc":{"start":{"line":35,"column":2},"end":{"line":37,"column":null}},"type":"if","locations":[{"start":{"line":35,"column":2},"end":{"line":37,"column":null}},{"start":{},"end":{}}],"line":35},"7":{"loc":{"start":{"line":47,"column":4},"end":{"line":47,"column":null}},"type":"if","locations":[{"start":{"line":47,"column":4},"end":{"line":47,"column":null}},{"start":{},"end":{}}],"line":47},"8":{"loc":{"start":{"line":49,"column":4},"end":{"line":49,"column":null}},"type":"if","locations":[{"start":{"line":49,"column":4},"end":{"line":49,"column":null}},{"start":{},"end":{}}],"line":49},"9":{"loc":{"start":{"line":49,"column":8},"end":{"line":49,"column":56}},"type":"binary-expr","locations":[{"start":{"line":49,"column":8},"end":{"line":49,"column":36}},{"start":{"line":49,"column":36},"end":{"line":49,"column":56}}],"line":49},"10":{"loc":{"start":{"line":50,"column":4},"end":{"line":52,"column":null}},"type":"if","locations":[{"start":{"line":50,"column":4},"end":{"line":52,"column":null}},{"start":{},"end":{}}],"line":50},"11":{"loc":{"start":{"line":64,"column":4},"end":{"line":64,"column":null}},"type":"if","locations":[{"start":{"line":64,"column":4},"end":{"line":64,"column":null}},{"start":{},"end":{}}],"line":64},"12":{"loc":{"start":{"line":66,"column":4},"end":{"line":66,"column":null}},"type":"if","locations":[{"start":{"line":66,"column":4},"end":{"line":66,"column":null}},{"start":{},"end":{}}],"line":66},"13":{"loc":{"start":{"line":67,"column":4},"end":{"line":68,"column":null}},"type":"if","locations":[{"start":{"line":67,"column":4},"end":{"line":68,"column":null}},{"start":{},"end":{}}],"line":67}},"s":{"0":56,"1":56,"2":0,"3":56,"4":0,"5":0,"6":0,"7":0,"8":0,"9":14,"10":14,"11":14,"12":0,"13":14,"14":0,"15":42,"16":42,"17":14,"18":0,"19":14,"20":14,"21":0,"22":14,"23":0,"24":14,"25":0,"26":0,"27":0,"28":0,"29":0,"30":0,"31":0,"32":0,"33":0,"34":0},"f":{"0":56,"1":56,"2":0,"3":14,"4":42,"5":0},"b":{"0":[56,56],"1":[0,56],"2":[0,56],"3":[0,0],"4":[0,0],"5":[0,14],"6":[0,14],"7":[0,14],"8":[0,14],"9":[14,14],"10":[0,14],"11":[0,0],"12":[0,0],"13":[0,0]},"meta":{"lastBranch":14,"lastFunction":6,"lastStatement":35,"seen":{"f:6:16:6:25":0,"s:7:2:7:Infinity":0,"b:7:9:7:38:7:38:7:Infinity":0,"f:10:16:10:Infinity":1,"b:14:2:14:Infinity:undefined:undefined:undefined:undefined":1,"s:14:2:14:Infinity":1,"s:14:33:14:Infinity":2,"b:15:2:15:Infinity:undefined:undefined:undefined:undefined":2,"s:15:2:15:Infinity":3,"s:15:27:15:Infinity":4,"f:18:16:18:Infinity":2,"b:22:2:22:Infinity:undefined:undefined:undefined:undefined":3,"s:22:2:22:Infinity":5,"s:22:33:22:Infinity":6,"b:23:2:24:Infinity:undefined:undefined:undefined:undefined":4,"s:23:2:24:Infinity":7,"s:24:4:24:Infinity":8,"f:27:16:27:38":3,"s:28:2:28:Infinity":9,"s:29:21:29:Infinity":10,"b:30:2:34:Infinity:undefined:undefined:undefined:undefined":5,"s:30:2:34:Infinity":11,"s:31:4:33:Infinity":12,"b:35:2:37:Infinity:undefined:undefined:undefined:undefined":6,"s:35:2:37:Infinity":13,"s:36:4:36:Infinity":14,"f:40:16:40:Infinity":4,"s:45:16:45:Infinity":15,"s:46:2:54:Infinity":16,"b:47:4:47:Infinity:undefined:undefined:undefined:undefined":7,"s:47:4:47:Infinity":17,"s:47:25:47:Infinity":18,"s:48:17:48:Infinity":19,"b:49:4:49:Infinity:undefined:undefined:undefined:undefined":8,"s:49:4:49:Infinity":20,"b:49:8:49:36:49:36:49:56":9,"s:49:56:49:Infinity":21,"b:50:4:52:Infinity:undefined:undefined:undefined:undefined":10,"s:50:4:52:Infinity":22,"s:51:6:51:Infinity":23,"s:53:4:53:Infinity":24,"f:57:16:57:Infinity":5,"s:62:22:62:Infinity":25,"s:63:2:70:Infinity":26,"b:64:4:64:Infinity:undefined:undefined:undefined:undefined":11,"s:64:4:64:Infinity":27,"s:64:25:64:Infinity":28,"s:65:16:65:Infinity":29,"b:66:4:66:Infinity:undefined:undefined:undefined:undefined":12,"s:66:4:66:Infinity":30,"s:66:27:66:Infinity":31,"b:67:4:68:Infinity:undefined:undefined:undefined:undefined":13,"s:67:4:68:Infinity":32,"s:68:6:68:Infinity":33,"s:69:4:69:Infinity":34},"fnNames":{}}}
,"C:\\Users\\samuel\\Projetos\\qube-modeler\\src\\core\\validation\\project.ts": {"path":"C:\\Users\\samuel\\Projetos\\qube-modeler\\src\\core\\validation\\project.ts","statementMap":{"0":{"start":{"line":11,"column":2},"end":{"line":11,"column":null}},"1":{"start":{"line":11,"column":26},"end":{"line":11,"column":null}},"2":{"start":{"line":12,"column":2},"end":{"line":12,"column":null}},"3":{"start":{"line":13,"column":2},"end":{"line":14,"column":null}},"4":{"start":{"line":14,"column":4},"end":{"line":14,"column":null}},"5":{"start":{"line":15,"column":2},"end":{"line":15,"column":null}},"6":{"start":{"line":16,"column":2},"end":{"line":17,"column":null}},"7":{"start":{"line":17,"column":4},"end":{"line":17,"column":null}},"8":{"start":{"line":18,"column":2},"end":{"line":22,"column":null}},"9":{"start":{"line":21,"column":16},"end":{"line":21,"column":null}},"10":{"start":{"line":23,"column":2},"end":{"line":25,"column":null}},"11":{"start":{"line":23,"column":27},"end":{"line":24,"column":null}},"12":{"start":{"line":26,"column":2},"end":{"line":26,"column":null}},"13":{"start":{"line":27,"column":2},"end":{"line":27,"column":null}}},"fnMap":{"0":{"name":"validateProject","decl":{"start":{"line":10,"column":16},"end":{"line":10,"column":32}},"loc":{"start":{"line":10,"column":67},"end":{"line":28,"column":null}},"line":10},"1":{"name":"(anonymous_1)","decl":{"start":{"line":20,"column":4},"end":{"line":20,"column":null}},"loc":{"start":{"line":21,"column":16},"end":{"line":21,"column":null}},"line":21},"2":{"name":"(anonymous_2)","decl":{"start":{"line":23,"column":18},"end":{"line":23,"column":27}},"loc":{"start":{"line":23,"column":27},"end":{"line":24,"column":null}},"line":23}},"branchMap":{"0":{"loc":{"start":{"line":11,"column":2},"end":{"line":11,"column":null}},"type":"if","locations":[{"start":{"line":11,"column":2},"end":{"line":11,"column":null}},{"start":{},"end":{}}],"line":11},"1":{"loc":{"start":{"line":13,"column":2},"end":{"line":14,"column":null}},"type":"if","locations":[{"start":{"line":13,"column":2},"end":{"line":14,"column":null}},{"start":{},"end":{}}],"line":13},"2":{"loc":{"start":{"line":16,"column":2},"end":{"line":17,"column":null}},"type":"if","locations":[{"start":{"line":16,"column":2},"end":{"line":17,"column":null}},{"start":{},"end":{}}],"line":16},"3":{"loc":{"start":{"line":16,"column":6},"end":{"line":16,"column":null}},"type":"binary-expr","locations":[{"start":{"line":16,"column":6},"end":{"line":16,"column":41}},{"start":{"line":16,"column":41},"end":{"line":16,"column":null}}],"line":16}},"s":{"0":14,"1":0,"2":14,"3":14,"4":0,"5":14,"6":14,"7":0,"8":14,"9":14,"10":14,"11":14,"12":14,"13":14},"f":{"0":14,"1":14,"2":14},"b":{"0":[0,14],"1":[0,14],"2":[0,14],"3":[14,14]},"meta":{"lastBranch":4,"lastFunction":3,"lastStatement":14,"seen":{"f:10:16:10:32":0,"b:11:2:11:Infinity:undefined:undefined:undefined:undefined":0,"s:11:2:11:Infinity":0,"s:11:26:11:Infinity":1,"s:12:2:12:Infinity":2,"b:13:2:14:Infinity:undefined:undefined:undefined:undefined":1,"s:13:2:14:Infinity":3,"s:14:4:14:Infinity":4,"s:15:2:15:Infinity":5,"b:16:2:17:Infinity:undefined:undefined:undefined:undefined":2,"s:16:2:17:Infinity":6,"b:16:6:16:41:16:41:16:Infinity":3,"s:17:4:17:Infinity":7,"s:18:2:22:Infinity":8,"f:20:4:20:Infinity":1,"s:21:16:21:Infinity":9,"s:23:2:25:Infinity":10,"f:23:18:23:27":2,"s:23:27:24:Infinity":11,"s:26:2:26:Infinity":12,"s:27:2:27:Infinity":13},"fnNames":{}}}
,"C:\\Users\\samuel\\Projetos\\qube-modeler\\src\\core\\validation\\schema.ts": {"path":"C:\\Users\\samuel\\Projetos\\qube-modeler\\src\\core\\validation\\schema.ts","statementMap":{"0":{"start":{"line":14,"column":2},"end":{"line":14,"column":null}},"1":{"start":{"line":14,"column":25},"end":{"line":14,"column":null}},"2":{"start":{"line":15,"column":2},"end":{"line":15,"column":null}},"3":{"start":{"line":16,"column":2},"end":{"line":16,"column":null}},"4":{"start":{"line":17,"column":2},"end":{"line":18,"column":null}},"5":{"start":{"line":18,"column":4},"end":{"line":18,"column":null}},"6":{"start":{"line":19,"column":2},"end":{"line":20,"column":null}},"7":{"start":{"line":20,"column":4},"end":{"line":20,"column":null}},"8":{"start":{"line":21,"column":2},"end":{"line":25,"column":null}},"9":{"start":{"line":24,"column":14},"end":{"line":24,"column":null}},"10":{"start":{"line":26,"column":2},"end":{"line":30,"column":null}},"11":{"start":{"line":29,"column":14},"end":{"line":29,"column":null}},"12":{"start":{"line":31,"column":2},"end":{"line":33,"column":null}},"13":{"start":{"line":32,"column":4},"end":{"line":32,"column":null}},"14":{"start":{"line":34,"column":2},"end":{"line":41,"column":null}},"15":{"start":{"line":34,"column":25},"end":{"line":40,"column":null}},"16":{"start":{"line":45,"column":2},"end":{"line":46,"column":null}},"17":{"start":{"line":46,"column":4},"end":{"line":46,"column":null}},"18":{"start":{"line":47,"column":2},"end":{"line":47,"column":null}},"19":{"start":{"line":48,"column":2},"end":{"line":51,"column":null}},"20":{"start":{"line":52,"column":2},"end":{"line":55,"column":null}},"21":{"start":{"line":56,"column":2},"end":{"line":59,"column":null}},"22":{"start":{"line":60,"column":2},"end":{"line":61,"column":null}},"23":{"start":{"line":61,"column":4},"end":{"line":61,"column":null}}},"fnMap":{"0":{"name":"validateSchema","decl":{"start":{"line":10,"column":16},"end":{"line":10,"column":null}},"loc":{"start":{"line":13,"column":8},"end":{"line":42,"column":null}},"line":13},"1":{"name":"(anonymous_1)","decl":{"start":{"line":23,"column":27},"end":{"line":23,"column":null}},"loc":{"start":{"line":24,"column":14},"end":{"line":24,"column":null}},"line":24},"2":{"name":"(anonymous_2)","decl":{"start":{"line":28,"column":27},"end":{"line":28,"column":null}},"loc":{"start":{"line":29,"column":14},"end":{"line":29,"column":null}},"line":29},"3":{"name":"(anonymous_3)","decl":{"start":{"line":31,"column":19},"end":{"line":31,"column":28}},"loc":{"start":{"line":32,"column":4},"end":{"line":32,"column":null}},"line":32},"4":{"name":"(anonymous_4)","decl":{"start":{"line":34,"column":16},"end":{"line":34,"column":25}},"loc":{"start":{"line":34,"column":25},"end":{"line":40,"column":null}},"line":34},"5":{"name":"validateSequence","decl":{"start":{"line":44,"column":9},"end":{"line":44,"column":26}},"loc":{"start":{"line":44,"column":72},"end":{"line":62,"column":null}},"line":44}},"branchMap":{"0":{"loc":{"start":{"line":14,"column":2},"end":{"line":14,"column":null}},"type":"if","locations":[{"start":{"line":14,"column":2},"end":{"line":14,"column":null}},{"start":{},"end":{}}],"line":14},"1":{"loc":{"start":{"line":17,"column":2},"end":{"line":18,"column":null}},"type":"if","locations":[{"start":{"line":17,"column":2},"end":{"line":18,"column":null}},{"start":{},"end":{}}],"line":17},"2":{"loc":{"start":{"line":19,"column":2},"end":{"line":20,"column":null}},"type":"if","locations":[{"start":{"line":19,"column":2},"end":{"line":20,"column":null}},{"start":{},"end":{}}],"line":19},"3":{"loc":{"start":{"line":45,"column":2},"end":{"line":46,"column":null}},"type":"if","locations":[{"start":{"line":45,"column":2},"end":{"line":46,"column":null}},{"start":{},"end":{}}],"line":45},"4":{"loc":{"start":{"line":60,"column":2},"end":{"line":61,"column":null}},"type":"if","locations":[{"start":{"line":60,"column":2},"end":{"line":61,"column":null}},{"start":{},"end":{}}],"line":60}},"s":{"0":14,"1":0,"2":14,"3":14,"4":14,"5":0,"6":14,"7":0,"8":14,"9":0,"10":14,"11":0,"12":14,"13":0,"14":14,"15":0,"16":0,"17":0,"18":0,"19":0,"20":0,"21":0,"22":0,"23":0},"f":{"0":14,"1":0,"2":0,"3":0,"4":0,"5":0},"b":{"0":[0,14],"1":[0,14],"2":[0,14],"3":[0,0],"4":[0,0]},"meta":{"lastBranch":5,"lastFunction":6,"lastStatement":24,"seen":{"f:10:16:10:Infinity":0,"b:14:2:14:Infinity:undefined:undefined:undefined:undefined":0,"s:14:2:14:Infinity":0,"s:14:25:14:Infinity":1,"s:15:2:15:Infinity":2,"s:16:2:16:Infinity":3,"b:17:2:18:Infinity:undefined:undefined:undefined:undefined":1,"s:17:2:18:Infinity":4,"s:18:4:18:Infinity":5,"b:19:2:20:Infinity:undefined:undefined:undefined:undefined":2,"s:19:2:20:Infinity":6,"s:20:4:20:Infinity":7,"s:21:2:25:Infinity":8,"f:23:27:23:Infinity":1,"s:24:14:24:Infinity":9,"s:26:2:30:Infinity":10,"f:28:27:28:Infinity":2,"s:29:14:29:Infinity":11,"s:31:2:33:Infinity":12,"f:31:19:31:28":3,"s:32:4:32:Infinity":13,"s:34:2:41:Infinity":14,"f:34:16:34:25":4,"s:34:25:40:Infinity":15,"f:44:9:44:26":5,"b:45:2:46:Infinity:undefined:undefined:undefined:undefined":3,"s:45:2:46:Infinity":16,"s:46:4:46:Infinity":17,"s:47:2:47:Infinity":18,"s:48:2:51:Infinity":19,"s:52:2:55:Infinity":20,"s:56:2:59:Infinity":21,"b:60:2:61:Infinity:undefined:undefined:undefined:undefined":4,"s:60:2:61:Infinity":22,"s:61:4:61:Infinity":23},"fnNames":{}}}
,"C:\\Users\\samuel\\Projetos\\qube-modeler\\src\\core\\validation\\table.ts": {"path":"C:\\Users\\samuel\\Projetos\\qube-modeler\\src\\core\\validation\\table.ts","statementMap":{"0":{"start":{"line":21,"column":2},"end":{"line":22,"column":null}},"1":{"start":{"line":22,"column":4},"end":{"line":22,"column":null}},"2":{"start":{"line":23,"column":2},"end":{"line":23,"column":null}},"3":{"start":{"line":24,"column":2},"end":{"line":24,"column":null}},"4":{"start":{"line":25,"column":18},"end":{"line":28,"column":null}},"5":{"start":{"line":29,"column":22},"end":{"line":32,"column":null}},"6":{"start":{"line":33,"column":28},"end":{"line":36,"column":null}},"7":{"start":{"line":37,"column":18},"end":{"line":40,"column":null}},"8":{"start":{"line":42,"column":2},"end":{"line":46,"column":null}},"9":{"start":{"line":45,"column":14},"end":{"line":45,"column":null}},"10":{"start":{"line":47,"column":2},"end":{"line":51,"column":null}},"11":{"start":{"line":50,"column":14},"end":{"line":50,"column":null}},"12":{"start":{"line":52,"column":2},"end":{"line":56,"column":null}},"13":{"start":{"line":55,"column":14},"end":{"line":55,"column":null}},"14":{"start":{"line":57,"column":2},"end":{"line":61,"column":null}},"15":{"start":{"line":60,"column":14},"end":{"line":60,"column":null}},"16":{"start":{"line":62,"column":2},"end":{"line":78,"column":null}},"17":{"start":{"line":66,"column":6},"end":{"line":70,"column":null}},"18":{"start":{"line":70,"column":8},"end":{"line":70,"column":null}},"19":{"start":{"line":71,"column":6},"end":{"line":76,"column":null}},"20":{"start":{"line":79,"column":2},"end":{"line":82,"column":null}},"21":{"start":{"line":83,"column":2},"end":{"line":83,"column":null}},"22":{"start":{"line":85,"column":2},"end":{"line":85,"column":null}},"23":{"start":{"line":85,"column":19},"end":{"line":85,"column":75}},"24":{"start":{"line":86,"column":2},"end":{"line":88,"column":null}},"25":{"start":{"line":86,"column":23},"end":{"line":87,"column":null}},"26":{"start":{"line":89,"column":2},"end":{"line":91,"column":null}},"27":{"start":{"line":89,"column":29},"end":{"line":90,"column":null}},"28":{"start":{"line":92,"column":2},"end":{"line":92,"column":null}},"29":{"start":{"line":92,"column":19},"end":{"line":92,"column":73}},"30":{"start":{"line":96,"column":2},"end":{"line":96,"column":null}},"31":{"start":{"line":96,"column":29},"end":{"line":96,"column":null}},"32":{"start":{"line":97,"column":2},"end":{"line":97,"column":null}}},"fnMap":{"0":{"name":"validateTable","decl":{"start":{"line":15,"column":16},"end":{"line":15,"column":null}},"loc":{"start":{"line":20,"column":8},"end":{"line":93,"column":null}},"line":20},"1":{"name":"(anonymous_1)","decl":{"start":{"line":44,"column":25},"end":{"line":44,"column":null}},"loc":{"start":{"line":45,"column":14},"end":{"line":45,"column":null}},"line":45},"2":{"name":"(anonymous_2)","decl":{"start":{"line":49,"column":25},"end":{"line":49,"column":null}},"loc":{"start":{"line":50,"column":14},"end":{"line":50,"column":null}},"line":50},"3":{"name":"(anonymous_3)","decl":{"start":{"line":54,"column":25},"end":{"line":54,"column":null}},"loc":{"start":{"line":55,"column":14},"end":{"line":55,"column":null}},"line":55},"4":{"name":"(anonymous_4)","decl":{"start":{"line":59,"column":25},"end":{"line":59,"column":null}},"loc":{"start":{"line":60,"column":14},"end":{"line":60,"column":null}},"line":60},"5":{"name":"(anonymous_5)","decl":{"start":{"line":64,"column":25},"end":{"line":64,"column":null}},"loc":{"start":{"line":65,"column":14},"end":{"line":77,"column":null}},"line":65},"6":{"name":"(anonymous_6)","decl":{"start":{"line":85,"column":10},"end":{"line":85,"column":19}},"loc":{"start":{"line":85,"column":19},"end":{"line":85,"column":75}},"line":85},"7":{"name":"(anonymous_7)","decl":{"start":{"line":86,"column":14},"end":{"line":86,"column":23}},"loc":{"start":{"line":86,"column":23},"end":{"line":87,"column":null}},"line":86},"8":{"name":"(anonymous_8)","decl":{"start":{"line":89,"column":20},"end":{"line":89,"column":29}},"loc":{"start":{"line":89,"column":29},"end":{"line":90,"column":null}},"line":89},"9":{"name":"(anonymous_9)","decl":{"start":{"line":92,"column":10},"end":{"line":92,"column":19}},"loc":{"start":{"line":92,"column":19},"end":{"line":92,"column":73}},"line":92},"10":{"name":"requireArray","decl":{"start":{"line":95,"column":9},"end":{"line":95,"column":22}},"loc":{"start":{"line":95,"column":66},"end":{"line":98,"column":null}},"line":95}},"branchMap":{"0":{"loc":{"start":{"line":21,"column":2},"end":{"line":22,"column":null}},"type":"if","locations":[{"start":{"line":21,"column":2},"end":{"line":22,"column":null}},{"start":{},"end":{}}],"line":21},"1":{"loc":{"start":{"line":66,"column":6},"end":{"line":70,"column":null}},"type":"if","locations":[{"start":{"line":66,"column":6},"end":{"line":70,"column":null}},{"start":{},"end":{}}],"line":66},"2":{"loc":{"start":{"line":67,"column":8},"end":{"line":68,"column":null}},"type":"binary-expr","locations":[{"start":{"line":67,"column":8},"end":{"line":67,"column":null}},{"start":{"line":68,"column":8},"end":{"line":68,"column":null}}],"line":67},"3":{"loc":{"start":{"line":96,"column":2},"end":{"line":96,"column":null}},"type":"if","locations":[{"start":{"line":96,"column":2},"end":{"line":96,"column":null}},{"start":{},"end":{}}],"line":96}},"s":{"0":0,"1":0,"2":0,"3":0,"4":0,"5":0,"6":0,"7":0,"8":0,"9":0,"10":0,"11":0,"12":0,"13":0,"14":0,"15":0,"16":0,"17":0,"18":0,"19":0,"20":0,"21":0,"22":0,"23":0,"24":0,"25":0,"26":0,"27":0,"28":0,"29":0,"30":0,"31":0,"32":0},"f":{"0":0,"1":0,"2":0,"3":0,"4":0,"5":0,"6":0,"7":0,"8":0,"9":0,"10":0},"b":{"0":[0,0],"1":[0,0],"2":[0,0],"3":[0,0]},"meta":{"lastBranch":4,"lastFunction":11,"lastStatement":33,"seen":{"f:15:16:15:Infinity":0,"b:21:2:22:Infinity:undefined:undefined:undefined:undefined":0,"s:21:2:22:Infinity":0,"s:22:4:22:Infinity":1,"s:23:2:23:Infinity":2,"s:24:2:24:Infinity":3,"s:25:18:28:Infinity":4,"s:29:22:32:Infinity":5,"s:33:28:36:Infinity":6,"s:37:18:40:Infinity":7,"s:42:2:46:Infinity":8,"f:44:25:44:Infinity":1,"s:45:14:45:Infinity":9,"s:47:2:51:Infinity":10,"f:49:25:49:Infinity":2,"s:50:14:50:Infinity":11,"s:52:2:56:Infinity":12,"f:54:25:54:Infinity":3,"s:55:14:55:Infinity":13,"s:57:2:61:Infinity":14,"f:59:25:59:Infinity":4,"s:60:14:60:Infinity":15,"s:62:2:78:Infinity":16,"f:64:25:64:Infinity":5,"b:66:6:70:Infinity:undefined:undefined:undefined:undefined":1,"s:66:6:70:Infinity":17,"b:67:8:67:Infinity:68:8:68:Infinity":2,"s:70:8:70:Infinity":18,"s:71:6:76:Infinity":19,"s:79:2:82:Infinity":20,"s:83:2:83:Infinity":21,"s:85:2:85:Infinity":22,"f:85:10:85:19":6,"s:85:19:85:75":23,"s:86:2:88:Infinity":24,"f:86:14:86:23":7,"s:86:23:87:Infinity":25,"s:89:2:91:Infinity":26,"f:89:20:89:29":8,"s:89:29:90:Infinity":27,"s:92:2:92:Infinity":28,"f:92:10:92:19":9,"s:92:19:92:73":29,"f:95:9:95:22":10,"b:96:2:96:Infinity:undefined:undefined:undefined:undefined":3,"s:96:2:96:Infinity":30,"s:96:29:96:Infinity":31,"s:97:2:97:Infinity":32},"fnNames":{}}}
}
